<?xml version="1.0" encoding="UTF-8"?>
<testsuite xmlns:xsi="http://www.w3.org/2001/XMLSchema-instance" xsi:noNamespaceSchemaLocation="https://maven.apache.org/surefire/maven-surefire-plugin/xsd/surefire-test-report-3.0.xsd" version="3.0" name="com.pipeline.orchestration.PipelineOrchestratorTest" time="162.219" tests="5" errors="0" skipped="0" failures="0">
  <properties>
[...]
</properties>
  <testcase name="testBackpressureBetweenStages" classname="com.pipeline.orchestration.PipelineOrchestratorTest" time="40.015">
    <system-out><![CDATA[19:02:41.928 [main] ERROR c.pipeline.repository.JobRepository - Failed to initialize schema
org.postgresql.util.PSQLException: Connection to localhost:5432 refused. Check that the hostname and port are correct and that the postmaster is accepting TCP/IP connections.
	at org.postgresql.core.v3.ConnectionFactoryImpl.openConnectionImpl(ConnectionFactoryImpl.java:342)
	at org.postgresql.core.ConnectionFactory.openConnection(ConnectionFactory.java:54)
	at org.postgresql.jdbc.PgConnection.<init>(PgConnection.java:263)
	at org.postgresql.Driver.makeConnection(Driver.java:443)
	at org.postgresql.Driver.connect(Driver.java:297)
	at java.sql/java.sql.DriverManager.getConnection(DriverManager.java:613)
	at java.sql/java.sql.DriverManager.getConnection(DriverManager.java:199)
	at com.pipeline.repository.TestDataSourceFactory$1.getConnection(TestDataSourceFactory.java:30)
	at com.pipeline.repository.JobRepository.getConnection(JobRepository.java:50)
	at com.pipeline.repository.JobRepository.initializeSchema(JobRepository.java:30)
	at com.pipeline.orchestration.PipelineOrchestratorTest.setUp(PipelineOrchestratorTest.java:25)
	at java.base/jdk.internal.reflect.DirectMethodHandleAccessor.invoke(DirectMethodHandleAccessor.java:104)
	at java.base/java.lang.reflect.Method.invoke(Method.java:565)
	at org.junit.platform.commons.util.ReflectionUtils.invokeMethod(ReflectionUtils.java:728)
	at org.junit.jupiter.engine.execution.MethodInvocation.proceed(MethodInvocation.java:60)
	at org.junit.jupiter.engine.execution.InvocationInterceptorChain$ValidatingInvocation.proceed(InvocationInterceptorChain.java:131)
	at org.junit.jupiter.engine.extension.TimeoutExtension.intercept(TimeoutExtension.java:156)
	at org.junit.jupiter.engine.extension.TimeoutExtension.interceptLifecycleMethod(TimeoutExtension.java:128)
	at org.junit.jupiter.engine.extension.TimeoutExtension.interceptBeforeEachMethod(TimeoutExtension.java:78)
	at org.junit.jupiter.engine.execution.InterceptingExecutableInvoker$ReflectiveInterceptorCall.lambda$ofVoidMethod$0(InterceptingExecutableInvoker.java:103)
	at org.junit.jupiter.engine.execution.InterceptingExecutableInvoker.lambda$invoke$0(InterceptingExecutableInvoker.java:93)
	at org.junit.jupiter.engine.execution.InvocationInterceptorChain$InterceptedInvocation.proceed(InvocationInterceptorChain.java:106)
	at org.junit.jupiter.engine.execution.InvocationInterceptorChain.proceed(InvocationInterceptorChain.java:64)
	at org.junit.jupiter.engine.execution.InvocationInterceptorChain.chainAndInvoke(InvocationInterceptorChain.java:45)
	at org.junit.jupiter.engine.execution.InvocationInterceptorChain.invoke(InvocationInterceptorChain.java:37)
	at org.junit.jupiter.engine.execution.InterceptingExecutableInvoker.invoke(InterceptingExecutableInvoker.java:92)
	at org.junit.jupiter.engine.execution.InterceptingExecutableInvoker.invoke(InterceptingExecutableInvoker.java:86)
	at org.junit.jupiter.engine.descriptor.ClassBasedTestDescriptor.invokeMethodInExtensionContext(ClassBasedTestDescriptor.java:521)
	at org.junit.jupiter.engine.descriptor.ClassBasedTestDescriptor.lambda$synthesizeBeforeEachMethodAdapter$23(ClassBasedTestDescriptor.java:506)
	at org.junit.jupiter.engine.descriptor.TestMethodTestDescriptor.lambda$invokeBeforeEachMethods$3(TestMethodTestDescriptor.java:175)
	at org.junit.jupiter.engine.descriptor.TestMethodTestDescriptor.lambda$invokeBeforeMethodsOrCallbacksUntilExceptionOccurs$6(TestMethodTestDescriptor.java:203)
	at org.junit.platform.engine.support.hierarchical.ThrowableCollector.execute(ThrowableCollector.java:73)
	at org.junit.jupiter.engine.descriptor.TestMethodTestDescriptor.invokeBeforeMethodsOrCallbacksUntilExceptionOccurs(TestMethodTestDescriptor.java:203)
	at org.junit.jupiter.engine.descriptor.TestMethodTestDescriptor.invokeBeforeEachMethods(TestMethodTestDescriptor.java:172)
	at org.junit.jupiter.engine.descriptor.TestMethodTestDescriptor.execute(TestMethodTestDescriptor.java:135)
	at org.junit.jupiter.engine.descriptor.TestMethodTestDescriptor.execute(TestMethodTestDescriptor.java:69)
	at org.junit.platform.engine.support.hierarchical.NodeTestTask.lambda$executeRecursively$6(NodeTestTask.java:151)
	at org.junit.platform.engine.support.hierarchical.ThrowableCollector.execute(ThrowableCollector.java:73)
	at org.junit.platform.engine.support.hierarchical.NodeTestTask.lambda$executeRecursively$8(NodeTestTask.java:141)
	at org.junit.platform.engine.support.hierarchical.Node.around(Node.java:137)
	at org.junit.platform.engine.support.hierarchical.NodeTestTask.lambda$executeRecursively$9(NodeTestTask.java:139)
	at org.junit.platform.engine.support.hierarchical.ThrowableCollector.execute(ThrowableCollector.java:73)
	at org.junit.platform.engine.support.hierarchical.NodeTestTask.executeRecursively(NodeTestTask.java:138)
	at org.junit.platform.engine.support.hierarchical.NodeTestTask.execute(NodeTestTask.java:95)
	at java.base/java.util.ArrayList.forEach(ArrayList.java:1612)
	at org.junit.platform.engine.support.hierarchical.SameThreadHierarchicalTestExecutorService.invokeAll(SameThreadHierarchicalTestExecutorService.java:41)
	at org.junit.platform.engine.support.hierarchical.NodeTestTask.lambda$executeRecursively$6(NodeTestTask.java:155)
	at org.junit.platform.engine.support.hierarchical.ThrowableCollector.execute(ThrowableCollector.java:73)
	at org.junit.platform.engine.support.hierarchical.NodeTestTask.lambda$executeRecursively$8(NodeTestTask.java:141)
	at org.junit.platform.engine.support.hierarchical.Node.around(Node.java:137)
	at org.junit.platform.engine.support.hierarchical.NodeTestTask.lambda$executeRecursively$9(NodeTestTask.java:139)
	at org.junit.platform.engine.support.hierarchical.ThrowableCollector.execute(ThrowableCollector.java:73)
	at org.junit.platform.engine.support.hierarchical.NodeTestTask.executeRecursively(NodeTestTask.java:138)
	at org.junit.platform.engine.support.hierarchical.NodeTestTask.execute(NodeTestTask.java:95)
	at java.base/java.util.ArrayList.forEach(ArrayList.java:1612)
	at org.junit.platform.engine.support.hierarchical.SameThreadHierarchicalTestExecutorService.invokeAll(SameThreadHierarchicalTestExecutorService.java:41)
	at org.junit.platform.engine.support.hierarchical.NodeTestTask.lambda$executeRecursively$6(NodeTestTask.java:155)
	at org.junit.platform.engine.support.hierarchical.ThrowableCollector.execute(ThrowableCollector.java:73)
	at org.junit.platform.engine.support.hierarchical.NodeTestTask.lambda$executeRecursively$8(NodeTestTask.java:141)
	at org.junit.platform.engine.support.hierarchical.Node.around(Node.java:137)
	at org.junit.platform.engine.support.hierarchical.NodeTestTask.lambda$executeRecursively$9(NodeTestTask.java:139)
	at org.junit.platform.engine.support.hierarchical.ThrowableCollector.execute(ThrowableCollector.java:73)
	at org.junit.platform.engine.support.hierarchical.NodeTestTask.executeRecursively(NodeTestTask.java:138)
	at org.junit.platform.engine.support.hierarchical.NodeTestTask.execute(NodeTestTask.java:95)
	at org.junit.platform.engine.support.hierarchical.SameThreadHierarchicalTestExecutorService.submit(SameThreadHierarchicalTestExecutorService.java:35)
	at org.junit.platform.engine.support.hierarchical.HierarchicalTestExecutor.execute(HierarchicalTestExecutor.java:57)
	at org.junit.platform.engine.support.hierarchical.HierarchicalTestEngine.execute(HierarchicalTestEngine.java:54)
	at org.junit.platform.launcher.core.EngineExecutionOrchestrator.execute(EngineExecutionOrchestrator.java:198)
	at org.junit.platform.launcher.core.EngineExecutionOrchestrator.execute(EngineExecutionOrchestrator.java:169)
	at org.junit.platform.launcher.core.EngineExecutionOrchestrator.execute(EngineExecutionOrchestrator.java:93)
	at org.junit.platform.launcher.core.EngineExecutionOrchestrator.lambda$execute$0(EngineExecutionOrchestrator.java:58)
	at org.junit.platform.launcher.core.EngineExecutionOrchestrator.withInterceptedStreams(EngineExecutionOrchestrator.java:141)
	at org.junit.platform.launcher.core.EngineExecutionOrchestrator.execute(EngineExecutionOrchestrator.java:57)
	at org.junit.platform.launcher.core.DefaultLauncher.execute(DefaultLauncher.java:103)
	at org.junit.platform.launcher.core.DefaultLauncher.execute(DefaultLauncher.java:85)
	at org.junit.platform.launcher.core.DelegatingLauncher.execute(DelegatingLauncher.java:47)
	at org.apache.maven.surefire.junitplatform.LazyLauncher.execute(LazyLauncher.java:56)
	at org.apache.maven.surefire.junitplatform.JUnitPlatformProvider.execute(JUnitPlatformProvider.java:184)
	at org.apache.maven.surefire.junitplatform.JUnitPlatformProvider.invokeAllTests(JUnitPlatformProvider.java:148)
	at org.apache.maven.surefire.junitplatform.JUnitPlatformProvider.invoke(JUnitPlatformProvider.java:122)
	at org.apache.maven.surefire.booter.ForkedBooter.runSuitesInProcess(ForkedBooter.java:385)
	at org.apache.maven.surefire.booter.ForkedBooter.execute(ForkedBooter.java:162)
	at org.apache.maven.surefire.booter.ForkedBooter.run(ForkedBooter.java:507)
	at org.apache.maven.surefire.booter.ForkedBooter.main(ForkedBooter.java:495)
Caused by: java.net.ConnectException: Connection refused: getsockopt
	at java.base/sun.nio.ch.Net.pollConnect(Native Method)
	at java.base/sun.nio.ch.Net.pollConnectNow(Net.java:642)
	at java.base/sun.nio.ch.NioSocketImpl.timedFinishConnect(NioSocketImpl.java:548)
	at java.base/sun.nio.ch.NioSocketImpl.connect(NioSocketImpl.java:599)
	at java.base/java.net.SocksSocketImpl.connect(SocksSocketImpl.java:284)
	at java.base/java.net.Socket.connect(Socket.java:668)
	at org.postgresql.core.PGStream.createSocket(PGStream.java:243)
	at org.postgresql.core.PGStream.<init>(PGStream.java:98)
	at org.postgresql.core.v3.ConnectionFactoryImpl.tryConnect(ConnectionFactoryImpl.java:132)
	at org.postgresql.core.v3.ConnectionFactoryImpl.openConnectionImpl(ConnectionFactoryImpl.java:258)
	... 83 common frames omitted
19:02:41.930 [main] INFO  c.p.o.PipelineOrchestrator - Starting pipeline for job orch-test-1784467961929 with 3 URLs
19:02:41.930 [main] INFO  com.pipeline.stage.AnalyzeStage - Starting Analyze Stage with 3 thread pool size
19:02:41.930 [main] INFO  com.pipeline.stage.FetchStage - Starting Fetch Stage with 3 URLs
19:02:41.982 [AnalyzeStage-3] DEBUG com.pipeline.stage.AnalyzeStage - Analyzed https://test.com: 0 links, 0 unique words
19:02:42.164 [FetchStage-3] DEBUG com.pipeline.stage.FetchStage - Fetched https://example.com: 559 bytes, 233ms
19:02:42.165 [AnalyzeStage-3] DEBUG com.pipeline.stage.AnalyzeStage - Analyzed https://example.com: 1 links, 14 unique words
19:02:42.176 [StoreStage-worker] ERROR c.pipeline.repository.JobRepository - Failed to save result for job: orch-test-1784467961929
org.postgresql.util.PSQLException: Connection to localhost:5432 refused. Check that the hostname and port are correct and that the postmaster is accepting TCP/IP connections.
	at org.postgresql.core.v3.ConnectionFactoryImpl.openConnectionImpl(ConnectionFactoryImpl.java:342)
	at org.postgresql.core.ConnectionFactory.openConnection(ConnectionFactory.java:54)
	at org.postgresql.jdbc.PgConnection.<init>(PgConnection.java:263)
	at org.postgresql.Driver.makeConnection(Driver.java:443)
	at org.postgresql.Driver.connect(Driver.java:297)
	at java.sql/java.sql.DriverManager.getConnection(DriverManager.java:613)
	at java.sql/java.sql.DriverManager.getConnection(DriverManager.java:199)
	at com.pipeline.repository.TestDataSourceFactory$1.getConnection(TestDataSourceFactory.java:30)
	at com.pipeline.repository.JobRepository.getConnection(JobRepository.java:50)
	at com.pipeline.repository.JobRepository.saveResult(JobRepository.java:118)
	at com.pipeline.stage.StoreStage.lambda$processResult$0(StoreStage.java:62)
	at java.base/java.util.concurrent.Executors$RunnableAdapter.call(Executors.java:545)
	at java.base/java.util.concurrent.FutureTask.run(FutureTask.java:330)
	at java.base/java.util.concurrent.ThreadPoolExecutor.runWorker(ThreadPoolExecutor.java:1090)
	at java.base/java.util.concurrent.ThreadPoolExecutor$Worker.run(ThreadPoolExecutor.java:614)
	at java.base/java.lang.Thread.run(Thread.java:1516)
Caused by: java.net.ConnectException: Connection refused: getsockopt
	at java.base/sun.nio.ch.Net.pollConnect(Native Method)
	at java.base/sun.nio.ch.Net.pollConnectNow(Net.java:642)
	at java.base/sun.nio.ch.NioSocketImpl.timedFinishConnect(NioSocketImpl.java:548)
	at java.base/sun.nio.ch.NioSocketImpl.connect(NioSocketImpl.java:599)
	at java.base/java.net.SocksSocketImpl.connect(SocksSocketImpl.java:284)
	at java.base/java.net.Socket.connect(Socket.java:668)
	at org.postgresql.core.PGStream.createSocket(PGStream.java:243)
	at org.postgresql.core.PGStream.<init>(PGStream.java:98)
	at org.postgresql.core.v3.ConnectionFactoryImpl.tryConnect(ConnectionFactoryImpl.java:132)
	at org.postgresql.core.v3.ConnectionFactoryImpl.openConnectionImpl(ConnectionFactoryImpl.java:258)
	... 15 common frames omitted
19:02:42.187 [StoreStage-worker] ERROR c.pipeline.repository.JobRepository - Failed to update aggregate for job: orch-test-1784467961929
org.postgresql.util.PSQLException: Connection to localhost:5432 refused. Check that the hostname and port are correct and that the postmaster is accepting TCP/IP connections.
	at org.postgresql.core.v3.ConnectionFactoryImpl.openConnectionImpl(ConnectionFactoryImpl.java:342)
	at org.postgresql.core.ConnectionFactory.openConnection(ConnectionFactory.java:54)
	at org.postgresql.jdbc.PgConnection.<init>(PgConnection.java:263)
	at org.postgresql.Driver.makeConnection(Driver.java:443)
	at org.postgresql.Driver.connect(Driver.java:297)
	at java.sql/java.sql.DriverManager.getConnection(DriverManager.java:613)
	at java.sql/java.sql.DriverManager.getConnection(DriverManager.java:199)
	at com.pipeline.repository.TestDataSourceFactory$1.getConnection(TestDataSourceFactory.java:30)
	at com.pipeline.repository.JobRepository.getConnection(JobRepository.java:50)
	at com.pipeline.repository.JobRepository.updateAggregate(JobRepository.java:138)
	at com.pipeline.stage.StoreStage.lambda$processResult$0(StoreStage.java:70)
	at java.base/java.util.concurrent.Executors$RunnableAdapter.call(Executors.java:545)
	at java.base/java.util.concurrent.FutureTask.run(FutureTask.java:330)
	at java.base/java.util.concurrent.ThreadPoolExecutor.runWorker(ThreadPoolExecutor.java:1090)
	at java.base/java.util.concurrent.ThreadPoolExecutor$Worker.run(ThreadPoolExecutor.java:614)
	at java.base/java.lang.Thread.run(Thread.java:1516)
Caused by: java.net.ConnectException: Connection refused: getsockopt
	at java.base/sun.nio.ch.Net.pollConnect(Native Method)
	at java.base/sun.nio.ch.Net.pollConnectNow(Net.java:642)
	at java.base/sun.nio.ch.NioSocketImpl.timedFinishConnect(NioSocketImpl.java:548)
	at java.base/sun.nio.ch.NioSocketImpl.connect(NioSocketImpl.java:599)
	at java.base/java.net.SocksSocketImpl.connect(SocksSocketImpl.java:284)
	at java.base/java.net.Socket.connect(Socket.java:668)
	at org.postgresql.core.PGStream.createSocket(PGStream.java:243)
	at org.postgresql.core.PGStream.<init>(PGStream.java:98)
	at org.postgresql.core.v3.ConnectionFactoryImpl.tryConnect(ConnectionFactoryImpl.java:132)
	at org.postgresql.core.v3.ConnectionFactoryImpl.openConnectionImpl(ConnectionFactoryImpl.java:258)
	... 15 common frames omitted
19:02:42.187 [StoreStage-worker] DEBUG com.pipeline.stage.StoreStage - Stored result for job orch-test-1784467961929: https://example.com
19:02:42.689 [AnalyzeStage-3] DEBUG com.pipeline.stage.AnalyzeStage - Analyzed https://another.com: 0 links, 0 unique words
19:02:42.761 [pool-3-thread-1] DEBUG c.p.o.PipelineOrchestrator - Pipeline 69cfbaeb-bbd0-4481-b113-de6fea95f87f - Stage 2 input queue size: 0/5
19:02:42.784 [pool-4-thread-1] DEBUG c.p.o.PipelineOrchestrator - Pipeline 257ca8ca-4814-4520-8439-f1d28505feb1 - Stage 2 input queue size: 0/5
19:02:42.825 [pool-5-thread-1] DEBUG c.p.o.PipelineOrchestrator - Pipeline af35aad6-190d-4787-8a35-bac486b91356 - Stage 2 input queue size: 0/5
19:02:42.906 [pool-6-thread-1] DEBUG c.p.o.PipelineOrchestrator - Pipeline 8cb10179-ee1f-41fd-a1e5-eea43fc11cdd - Stage 2 input queue size: 0/5
19:02:42.931 [pool-7-thread-1] DEBUG c.p.o.PipelineOrchestrator - Pipeline orch-test-1784467961929 - Stage 2 input queue size: 0/5
19:02:43.761 [pool-3-thread-1] DEBUG c.p.o.PipelineOrchestrator - Pipeline 69cfbaeb-bbd0-4481-b113-de6fea95f87f - Stage 2 input queue size: 0/5
19:02:43.784 [pool-4-thread-1] DEBUG c.p.o.PipelineOrchestrator - Pipeline 257ca8ca-4814-4520-8439-f1d28505feb1 - Stage 2 input queue size: 0/5
19:02:43.825 [pool-5-thread-1] DEBUG c.p.o.PipelineOrchestrator - Pipeline af35aad6-190d-4787-8a35-bac486b91356 - Stage 2 input queue size: 0/5
19:02:43.905 [pool-6-thread-1] DEBUG c.p.o.PipelineOrchestrator - Pipeline 8cb10179-ee1f-41fd-a1e5-eea43fc11cdd - Stage 2 input queue size: 0/5
19:02:43.931 [pool-7-thread-1] DEBUG c.p.o.PipelineOrchestrator - Pipeline orch-test-1784467961929 - Stage 2 input queue size: 0/5
19:02:44.761 [pool-3-thread-1] DEBUG c.p.o.PipelineOrchestrator - Pipeline 69cfbaeb-bbd0-4481-b113-de6fea95f87f - Stage 2 input queue size: 0/5
19:02:44.785 [pool-4-thread-1] DEBUG c.p.o.PipelineOrchestrator - Pipeline 257ca8ca-4814-4520-8439-f1d28505feb1 - Stage 2 input queue size: 0/5
19:02:44.824 [pool-5-thread-1] DEBUG c.p.o.PipelineOrchestrator - Pipeline af35aad6-190d-4787-8a35-bac486b91356 - Stage 2 input queue size: 0/5
19:02:44.905 [pool-6-thread-1] DEBUG c.p.o.PipelineOrchestrator - Pipeline 8cb10179-ee1f-41fd-a1e5-eea43fc11cdd - Stage 2 input queue size: 0/5
19:02:44.932 [pool-7-thread-1] DEBUG c.p.o.PipelineOrchestrator - Pipeline orch-test-1784467961929 - Stage 2 input queue size: 0/5
19:02:45.762 [pool-3-thread-1] DEBUG c.p.o.PipelineOrchestrator - Pipeline 69cfbaeb-bbd0-4481-b113-de6fea95f87f - Stage 2 input queue size: 0/5
19:02:45.784 [pool-4-thread-1] DEBUG c.p.o.PipelineOrchestrator - Pipeline 257ca8ca-4814-4520-8439-f1d28505feb1 - Stage 2 input queue size: 0/5
19:02:45.825 [pool-5-thread-1] DEBUG c.p.o.PipelineOrchestrator - Pipeline af35aad6-190d-4787-8a35-bac486b91356 - Stage 2 input queue size: 0/5
19:02:45.906 [pool-6-thread-1] DEBUG c.p.o.PipelineOrchestrator - Pipeline 8cb10179-ee1f-41fd-a1e5-eea43fc11cdd - Stage 2 input queue size: 0/5
19:02:45.933 [pool-7-thread-1] DEBUG c.p.o.PipelineOrchestrator - Pipeline orch-test-1784467961929 - Stage 2 input queue size: 0/5
19:02:46.762 [pool-3-thread-1] DEBUG c.p.o.PipelineOrchestrator - Pipeline 69cfbaeb-bbd0-4481-b113-de6fea95f87f - Stage 2 input queue size: 0/5
19:02:46.784 [pool-4-thread-1] DEBUG c.p.o.PipelineOrchestrator - Pipeline 257ca8ca-4814-4520-8439-f1d28505feb1 - Stage 2 input queue size: 0/5
19:02:46.824 [pool-5-thread-1] DEBUG c.p.o.PipelineOrchestrator - Pipeline af35aad6-190d-4787-8a35-bac486b91356 - Stage 2 input queue size: 0/5
19:02:46.905 [pool-6-thread-1] DEBUG c.p.o.PipelineOrchestrator - Pipeline 8cb10179-ee1f-41fd-a1e5-eea43fc11cdd - Stage 2 input queue size: 0/5
19:02:46.932 [pool-7-thread-1] DEBUG c.p.o.PipelineOrchestrator - Pipeline orch-test-1784467961929 - Stage 2 input queue size: 0/5
19:02:47.762 [pool-3-thread-1] DEBUG c.p.o.PipelineOrchestrator - Pipeline 69cfbaeb-bbd0-4481-b113-de6fea95f87f - Stage 2 input queue size: 0/5
19:02:47.785 [pool-4-thread-1] DEBUG c.p.o.PipelineOrchestrator - Pipeline 257ca8ca-4814-4520-8439-f1d28505feb1 - Stage 2 input queue size: 0/5
19:02:47.825 [pool-5-thread-1] DEBUG c.p.o.PipelineOrchestrator - Pipeline af35aad6-190d-4787-8a35-bac486b91356 - Stage 2 input queue size: 0/5
19:02:47.905 [pool-6-thread-1] DEBUG c.p.o.PipelineOrchestrator - Pipeline 8cb10179-ee1f-41fd-a1e5-eea43fc11cdd - Stage 2 input queue size: 0/5
19:02:47.932 [pool-7-thread-1] DEBUG c.p.o.PipelineOrchestrator - Pipeline orch-test-1784467961929 - Stage 2 input queue size: 0/5
19:02:48.762 [pool-3-thread-1] DEBUG c.p.o.PipelineOrchestrator - Pipeline 69cfbaeb-bbd0-4481-b113-de6fea95f87f - Stage 2 input queue size: 0/5
19:02:48.785 [pool-4-thread-1] DEBUG c.p.o.PipelineOrchestrator - Pipeline 257ca8ca-4814-4520-8439-f1d28505feb1 - Stage 2 input queue size: 0/5
19:02:48.824 [pool-5-thread-1] DEBUG c.p.o.PipelineOrchestrator - Pipeline af35aad6-190d-4787-8a35-bac486b91356 - Stage 2 input queue size: 0/5
19:02:48.905 [pool-6-thread-1] DEBUG c.p.o.PipelineOrchestrator - Pipeline 8cb10179-ee1f-41fd-a1e5-eea43fc11cdd - Stage 2 input queue size: 0/5
19:02:48.932 [pool-7-thread-1] DEBUG c.p.o.PipelineOrchestrator - Pipeline orch-test-1784467961929 - Stage 2 input queue size: 0/5
19:02:49.763 [pool-3-thread-1] DEBUG c.p.o.PipelineOrchestrator - Pipeline 69cfbaeb-bbd0-4481-b113-de6fea95f87f - Stage 2 input queue size: 0/5
19:02:49.784 [pool-4-thread-1] DEBUG c.p.o.PipelineOrchestrator - Pipeline 257ca8ca-4814-4520-8439-f1d28505feb1 - Stage 2 input queue size: 0/5
19:02:49.826 [pool-5-thread-1] DEBUG c.p.o.PipelineOrchestrator - Pipeline af35aad6-190d-4787-8a35-bac486b91356 - Stage 2 input queue size: 0/5
19:02:49.905 [pool-6-thread-1] DEBUG c.p.o.PipelineOrchestrator - Pipeline 8cb10179-ee1f-41fd-a1e5-eea43fc11cdd - Stage 2 input queue size: 0/5
19:02:49.932 [pool-7-thread-1] DEBUG c.p.o.PipelineOrchestrator - Pipeline orch-test-1784467961929 - Stage 2 input queue size: 0/5
19:02:50.761 [pool-3-thread-1] DEBUG c.p.o.PipelineOrchestrator - Pipeline 69cfbaeb-bbd0-4481-b113-de6fea95f87f - Stage 2 input queue size: 0/5
19:02:50.785 [pool-4-thread-1] DEBUG c.p.o.PipelineOrchestrator - Pipeline 257ca8ca-4814-4520-8439-f1d28505feb1 - Stage 2 input queue size: 0/5
19:02:50.825 [pool-5-thread-1] DEBUG c.p.o.PipelineOrchestrator - Pipeline af35aad6-190d-4787-8a35-bac486b91356 - Stage 2 input queue size: 0/5
19:02:50.906 [pool-6-thread-1] DEBUG c.p.o.PipelineOrchestrator - Pipeline 8cb10179-ee1f-41fd-a1e5-eea43fc11cdd - Stage 2 input queue size: 0/5
19:02:50.932 [pool-7-thread-1] DEBUG c.p.o.PipelineOrchestrator - Pipeline orch-test-1784467961929 - Stage 2 input queue size: 0/5
19:02:51.762 [pool-3-thread-1] DEBUG c.p.o.PipelineOrchestrator - Pipeline 69cfbaeb-bbd0-4481-b113-de6fea95f87f - Stage 2 input queue size: 0/5
19:02:51.784 [pool-4-thread-1] DEBUG c.p.o.PipelineOrchestrator - Pipeline 257ca8ca-4814-4520-8439-f1d28505feb1 - Stage 2 input queue size: 0/5
19:02:51.826 [pool-5-thread-1] DEBUG c.p.o.PipelineOrchestrator - Pipeline af35aad6-190d-4787-8a35-bac486b91356 - Stage 2 input queue size: 0/5
19:02:51.905 [pool-6-thread-1] DEBUG c.p.o.PipelineOrchestrator - Pipeline 8cb10179-ee1f-41fd-a1e5-eea43fc11cdd - Stage 2 input queue size: 0/5
19:02:51.931 [pool-7-thread-1] DEBUG c.p.o.PipelineOrchestrator - Pipeline orch-test-1784467961929 - Stage 2 input queue size: 0/5
19:02:51.931 [main] INFO  c.p.o.PipelineOrchestrator - Shutting down pipeline for job orch-test-1784467961929
19:02:51.931 [main] INFO  com.pipeline.stage.FetchStage - Shutting down Fetch Stage
19:02:51.931 [main] INFO  com.pipeline.stage.AnalyzeStage - Shutting down Analyze Stage
19:02:52.762 [pool-3-thread-1] DEBUG c.p.o.PipelineOrchestrator - Pipeline 69cfbaeb-bbd0-4481-b113-de6fea95f87f - Stage 2 input queue size: 0/5
19:02:52.784 [pool-4-thread-1] DEBUG c.p.o.PipelineOrchestrator - Pipeline 257ca8ca-4814-4520-8439-f1d28505feb1 - Stage 2 input queue size: 0/5
19:02:52.825 [pool-5-thread-1] DEBUG c.p.o.PipelineOrchestrator - Pipeline af35aad6-190d-4787-8a35-bac486b91356 - Stage 2 input queue size: 0/5
19:02:52.906 [pool-6-thread-1] DEBUG c.p.o.PipelineOrchestrator - Pipeline 8cb10179-ee1f-41fd-a1e5-eea43fc11cdd - Stage 2 input queue size: 0/5
19:02:53.761 [pool-3-thread-1] DEBUG c.p.o.PipelineOrchestrator - Pipeline 69cfbaeb-bbd0-4481-b113-de6fea95f87f - Stage 2 input queue size: 0/5
19:02:53.784 [pool-4-thread-1] DEBUG c.p.o.PipelineOrchestrator - Pipeline 257ca8ca-4814-4520-8439-f1d28505feb1 - Stage 2 input queue size: 0/5
19:02:53.824 [pool-5-thread-1] DEBUG c.p.o.PipelineOrchestrator - Pipeline af35aad6-190d-4787-8a35-bac486b91356 - Stage 2 input queue size: 0/5
19:02:53.905 [pool-6-thread-1] DEBUG c.p.o.PipelineOrchestrator - Pipeline 8cb10179-ee1f-41fd-a1e5-eea43fc11cdd - Stage 2 input queue size: 0/5
19:02:54.762 [pool-3-thread-1] DEBUG c.p.o.PipelineOrchestrator - Pipeline 69cfbaeb-bbd0-4481-b113-de6fea95f87f - Stage 2 input queue size: 0/5
19:02:54.784 [pool-4-thread-1] DEBUG c.p.o.PipelineOrchestrator - Pipeline 257ca8ca-4814-4520-8439-f1d28505feb1 - Stage 2 input queue size: 0/5
19:02:54.825 [pool-5-thread-1] DEBUG c.p.o.PipelineOrchestrator - Pipeline af35aad6-190d-4787-8a35-bac486b91356 - Stage 2 input queue size: 0/5
19:02:54.905 [pool-6-thread-1] DEBUG c.p.o.PipelineOrchestrator - Pipeline 8cb10179-ee1f-41fd-a1e5-eea43fc11cdd - Stage 2 input queue size: 0/5
19:02:55.761 [pool-3-thread-1] DEBUG c.p.o.PipelineOrchestrator - Pipeline 69cfbaeb-bbd0-4481-b113-de6fea95f87f - Stage 2 input queue size: 0/5
19:02:55.784 [pool-4-thread-1] DEBUG c.p.o.PipelineOrchestrator - Pipeline 257ca8ca-4814-4520-8439-f1d28505feb1 - Stage 2 input queue size: 0/5
19:02:55.825 [pool-5-thread-1] DEBUG c.p.o.PipelineOrchestrator - Pipeline af35aad6-190d-4787-8a35-bac486b91356 - Stage 2 input queue size: 0/5
19:02:55.905 [pool-6-thread-1] DEBUG c.p.o.PipelineOrchestrator - Pipeline 8cb10179-ee1f-41fd-a1e5-eea43fc11cdd - Stage 2 input queue size: 0/5
19:02:56.762 [pool-3-thread-1] DEBUG c.p.o.PipelineOrchestrator - Pipeline 69cfbaeb-bbd0-4481-b113-de6fea95f87f - Stage 2 input queue size: 0/5
19:02:56.784 [pool-4-thread-1] DEBUG c.p.o.PipelineOrchestrator - Pipeline 257ca8ca-4814-4520-8439-f1d28505feb1 - Stage 2 input queue size: 0/5
19:02:56.825 [pool-5-thread-1] DEBUG c.p.o.PipelineOrchestrator - Pipeline af35aad6-190d-4787-8a35-bac486b91356 - Stage 2 input queue size: 0/5
19:02:56.905 [pool-6-thread-1] DEBUG c.p.o.PipelineOrchestrator - Pipeline 8cb10179-ee1f-41fd-a1e5-eea43fc11cdd - Stage 2 input queue size: 0/5
19:02:57.762 [pool-3-thread-1] DEBUG c.p.o.PipelineOrchestrator - Pipeline 69cfbaeb-bbd0-4481-b113-de6fea95f87f - Stage 2 input queue size: 0/5
19:02:57.785 [pool-4-thread-1] DEBUG c.p.o.PipelineOrchestrator - Pipeline 257ca8ca-4814-4520-8439-f1d28505feb1 - Stage 2 input queue size: 0/5
19:02:57.825 [pool-5-thread-1] DEBUG c.p.o.PipelineOrchestrator - Pipeline af35aad6-190d-4787-8a35-bac486b91356 - Stage 2 input queue size: 0/5
19:02:57.905 [pool-6-thread-1] DEBUG c.p.o.PipelineOrchestrator - Pipeline 8cb10179-ee1f-41fd-a1e5-eea43fc11cdd - Stage 2 input queue size: 0/5
19:02:58.762 [pool-3-thread-1] DEBUG c.p.o.PipelineOrchestrator - Pipeline 69cfbaeb-bbd0-4481-b113-de6fea95f87f - Stage 2 input queue size: 0/5
19:02:58.784 [pool-4-thread-1] DEBUG c.p.o.PipelineOrchestrator - Pipeline 257ca8ca-4814-4520-8439-f1d28505feb1 - Stage 2 input queue size: 0/5
19:02:58.824 [pool-5-thread-1] DEBUG c.p.o.PipelineOrchestrator - Pipeline af35aad6-190d-4787-8a35-bac486b91356 - Stage 2 input queue size: 0/5
19:02:58.904 [pool-6-thread-1] DEBUG c.p.o.PipelineOrchestrator - Pipeline 8cb10179-ee1f-41fd-a1e5-eea43fc11cdd - Stage 2 input queue size: 0/5
19:02:59.762 [pool-3-thread-1] DEBUG c.p.o.PipelineOrchestrator - Pipeline 69cfbaeb-bbd0-4481-b113-de6fea95f87f - Stage 2 input queue size: 0/5
19:02:59.785 [pool-4-thread-1] DEBUG c.p.o.PipelineOrchestrator - Pipeline 257ca8ca-4814-4520-8439-f1d28505feb1 - Stage 2 input queue size: 0/5
19:02:59.826 [pool-5-thread-1] DEBUG c.p.o.PipelineOrchestrator - Pipeline af35aad6-190d-4787-8a35-bac486b91356 - Stage 2 input queue size: 0/5
19:02:59.905 [pool-6-thread-1] DEBUG c.p.o.PipelineOrchestrator - Pipeline 8cb10179-ee1f-41fd-a1e5-eea43fc11cdd - Stage 2 input queue size: 0/5
19:03:00.762 [pool-3-thread-1] DEBUG c.p.o.PipelineOrchestrator - Pipeline 69cfbaeb-bbd0-4481-b113-de6fea95f87f - Stage 2 input queue size: 0/5
19:03:00.784 [pool-4-thread-1] DEBUG c.p.o.PipelineOrchestrator - Pipeline 257ca8ca-4814-4520-8439-f1d28505feb1 - Stage 2 input queue size: 0/5
19:03:00.825 [pool-5-thread-1] DEBUG c.p.o.PipelineOrchestrator - Pipeline af35aad6-190d-4787-8a35-bac486b91356 - Stage 2 input queue size: 0/5
19:03:00.906 [pool-6-thread-1] DEBUG c.p.o.PipelineOrchestrator - Pipeline 8cb10179-ee1f-41fd-a1e5-eea43fc11cdd - Stage 2 input queue size: 0/5
19:03:01.761 [pool-3-thread-1] DEBUG c.p.o.PipelineOrchestrator - Pipeline 69cfbaeb-bbd0-4481-b113-de6fea95f87f - Stage 2 input queue size: 0/5
19:03:01.784 [pool-4-thread-1] DEBUG c.p.o.PipelineOrchestrator - Pipeline 257ca8ca-4814-4520-8439-f1d28505feb1 - Stage 2 input queue size: 0/5
19:03:01.824 [pool-5-thread-1] DEBUG c.p.o.PipelineOrchestrator - Pipeline af35aad6-190d-4787-8a35-bac486b91356 - Stage 2 input queue size: 0/5
19:03:01.905 [pool-6-thread-1] DEBUG c.p.o.PipelineOrchestrator - Pipeline 8cb10179-ee1f-41fd-a1e5-eea43fc11cdd - Stage 2 input queue size: 0/5
19:03:02.762 [pool-3-thread-1] DEBUG c.p.o.PipelineOrchestrator - Pipeline 69cfbaeb-bbd0-4481-b113-de6fea95f87f - Stage 2 input queue size: 0/5
19:03:02.784 [pool-4-thread-1] DEBUG c.p.o.PipelineOrchestrator - Pipeline 257ca8ca-4814-4520-8439-f1d28505feb1 - Stage 2 input queue size: 0/5
19:03:02.826 [pool-5-thread-1] DEBUG c.p.o.PipelineOrchestrator - Pipeline af35aad6-190d-4787-8a35-bac486b91356 - Stage 2 input queue size: 0/5
19:03:02.905 [pool-6-thread-1] DEBUG c.p.o.PipelineOrchestrator - Pipeline 8cb10179-ee1f-41fd-a1e5-eea43fc11cdd - Stage 2 input queue size: 0/5
19:03:03.761 [pool-3-thread-1] DEBUG c.p.o.PipelineOrchestrator - Pipeline 69cfbaeb-bbd0-4481-b113-de6fea95f87f - Stage 2 input queue size: 0/5
19:03:03.784 [pool-4-thread-1] DEBUG c.p.o.PipelineOrchestrator - Pipeline 257ca8ca-4814-4520-8439-f1d28505feb1 - Stage 2 input queue size: 0/5
19:03:03.825 [pool-5-thread-1] DEBUG c.p.o.PipelineOrchestrator - Pipeline af35aad6-190d-4787-8a35-bac486b91356 - Stage 2 input queue size: 0/5
19:03:03.905 [pool-6-thread-1] DEBUG c.p.o.PipelineOrchestrator - Pipeline 8cb10179-ee1f-41fd-a1e5-eea43fc11cdd - Stage 2 input queue size: 0/5
19:03:04.762 [pool-3-thread-1] DEBUG c.p.o.PipelineOrchestrator - Pipeline 69cfbaeb-bbd0-4481-b113-de6fea95f87f - Stage 2 input queue size: 0/5
19:03:04.784 [pool-4-thread-1] DEBUG c.p.o.PipelineOrchestrator - Pipeline 257ca8ca-4814-4520-8439-f1d28505feb1 - Stage 2 input queue size: 0/5
19:03:04.824 [pool-5-thread-1] DEBUG c.p.o.PipelineOrchestrator - Pipeline af35aad6-190d-4787-8a35-bac486b91356 - Stage 2 input queue size: 0/5
19:03:04.905 [pool-6-thread-1] DEBUG c.p.o.PipelineOrchestrator - Pipeline 8cb10179-ee1f-41fd-a1e5-eea43fc11cdd - Stage 2 input queue size: 0/5
19:03:05.762 [pool-3-thread-1] DEBUG c.p.o.PipelineOrchestrator - Pipeline 69cfbaeb-bbd0-4481-b113-de6fea95f87f - Stage 2 input queue size: 0/5
19:03:05.785 [pool-4-thread-1] DEBUG c.p.o.PipelineOrchestrator - Pipeline 257ca8ca-4814-4520-8439-f1d28505feb1 - Stage 2 input queue size: 0/5
19:03:05.825 [pool-5-thread-1] DEBUG c.p.o.PipelineOrchestrator - Pipeline af35aad6-190d-4787-8a35-bac486b91356 - Stage 2 input queue size: 0/5
19:03:05.905 [pool-6-thread-1] DEBUG c.p.o.PipelineOrchestrator - Pipeline 8cb10179-ee1f-41fd-a1e5-eea43fc11cdd - Stage 2 input queue size: 0/5
19:03:06.761 [pool-3-thread-1] DEBUG c.p.o.PipelineOrchestrator - Pipeline 69cfbaeb-bbd0-4481-b113-de6fea95f87f - Stage 2 input queue size: 0/5
19:03:06.784 [pool-4-thread-1] DEBUG c.p.o.PipelineOrchestrator - Pipeline 257ca8ca-4814-4520-8439-f1d28505feb1 - Stage 2 input queue size: 0/5
19:03:06.825 [pool-5-thread-1] DEBUG c.p.o.PipelineOrchestrator - Pipeline af35aad6-190d-4787-8a35-bac486b91356 - Stage 2 input queue size: 0/5
19:03:06.905 [pool-6-thread-1] DEBUG c.p.o.PipelineOrchestrator - Pipeline 8cb10179-ee1f-41fd-a1e5-eea43fc11cdd - Stage 2 input queue size: 0/5
19:03:07.763 [pool-3-thread-1] DEBUG c.p.o.PipelineOrchestrator - Pipeline 69cfbaeb-bbd0-4481-b113-de6fea95f87f - Stage 2 input queue size: 0/5
19:03:07.785 [pool-4-thread-1] DEBUG c.p.o.PipelineOrchestrator - Pipeline 257ca8ca-4814-4520-8439-f1d28505feb1 - Stage 2 input queue size: 0/5
19:03:07.825 [pool-5-thread-1] DEBUG c.p.o.PipelineOrchestrator - Pipeline af35aad6-190d-4787-8a35-bac486b91356 - Stage 2 input queue size: 0/5
19:03:07.906 [pool-6-thread-1] DEBUG c.p.o.PipelineOrchestrator - Pipeline 8cb10179-ee1f-41fd-a1e5-eea43fc11cdd - Stage 2 input queue size: 0/5
19:03:08.762 [pool-3-thread-1] DEBUG c.p.o.PipelineOrchestrator - Pipeline 69cfbaeb-bbd0-4481-b113-de6fea95f87f - Stage 2 input queue size: 0/5
19:03:08.784 [pool-4-thread-1] DEBUG c.p.o.PipelineOrchestrator - Pipeline 257ca8ca-4814-4520-8439-f1d28505feb1 - Stage 2 input queue size: 0/5
19:03:08.825 [pool-5-thread-1] DEBUG c.p.o.PipelineOrchestrator - Pipeline af35aad6-190d-4787-8a35-bac486b91356 - Stage 2 input queue size: 0/5
19:03:08.906 [pool-6-thread-1] DEBUG c.p.o.PipelineOrchestrator - Pipeline 8cb10179-ee1f-41fd-a1e5-eea43fc11cdd - Stage 2 input queue size: 0/5
19:03:09.762 [pool-3-thread-1] DEBUG c.p.o.PipelineOrchestrator - Pipeline 69cfbaeb-bbd0-4481-b113-de6fea95f87f - Stage 2 input queue size: 0/5
19:03:09.784 [pool-4-thread-1] DEBUG c.p.o.PipelineOrchestrator - Pipeline 257ca8ca-4814-4520-8439-f1d28505feb1 - Stage 2 input queue size: 0/5
19:03:09.825 [pool-5-thread-1] DEBUG c.p.o.PipelineOrchestrator - Pipeline af35aad6-190d-4787-8a35-bac486b91356 - Stage 2 input queue size: 0/5
19:03:09.906 [pool-6-thread-1] DEBUG c.p.o.PipelineOrchestrator - Pipeline 8cb10179-ee1f-41fd-a1e5-eea43fc11cdd - Stage 2 input queue size: 0/5
19:03:10.762 [pool-3-thread-1] DEBUG c.p.o.PipelineOrchestrator - Pipeline 69cfbaeb-bbd0-4481-b113-de6fea95f87f - Stage 2 input queue size: 0/5
19:03:10.784 [pool-4-thread-1] DEBUG c.p.o.PipelineOrchestrator - Pipeline 257ca8ca-4814-4520-8439-f1d28505feb1 - Stage 2 input queue size: 0/5
19:03:10.826 [pool-5-thread-1] DEBUG c.p.o.PipelineOrchestrator - Pipeline af35aad6-190d-4787-8a35-bac486b91356 - Stage 2 input queue size: 0/5
19:03:10.905 [pool-6-thread-1] DEBUG c.p.o.PipelineOrchestrator - Pipeline 8cb10179-ee1f-41fd-a1e5-eea43fc11cdd - Stage 2 input queue size: 0/5
19:03:11.762 [pool-3-thread-1] DEBUG c.p.o.PipelineOrchestrator - Pipeline 69cfbaeb-bbd0-4481-b113-de6fea95f87f - Stage 2 input queue size: 0/5
19:03:11.784 [pool-4-thread-1] DEBUG c.p.o.PipelineOrchestrator - Pipeline 257ca8ca-4814-4520-8439-f1d28505feb1 - Stage 2 input queue size: 0/5
19:03:11.825 [pool-5-thread-1] DEBUG c.p.o.PipelineOrchestrator - Pipeline af35aad6-190d-4787-8a35-bac486b91356 - Stage 2 input queue size: 0/5
19:03:11.905 [pool-6-thread-1] DEBUG c.p.o.PipelineOrchestrator - Pipeline 8cb10179-ee1f-41fd-a1e5-eea43fc11cdd - Stage 2 input queue size: 0/5
19:03:12.762 [pool-3-thread-1] DEBUG c.p.o.PipelineOrchestrator - Pipeline 69cfbaeb-bbd0-4481-b113-de6fea95f87f - Stage 2 input queue size: 0/5
19:03:12.784 [pool-4-thread-1] DEBUG c.p.o.PipelineOrchestrator - Pipeline 257ca8ca-4814-4520-8439-f1d28505feb1 - Stage 2 input queue size: 0/5
19:03:12.825 [pool-5-thread-1] DEBUG c.p.o.PipelineOrchestrator - Pipeline af35aad6-190d-4787-8a35-bac486b91356 - Stage 2 input queue size: 0/5
19:03:12.905 [pool-6-thread-1] DEBUG c.p.o.PipelineOrchestrator - Pipeline 8cb10179-ee1f-41fd-a1e5-eea43fc11cdd - Stage 2 input queue size: 0/5
19:03:13.761 [pool-3-thread-1] DEBUG c.p.o.PipelineOrchestrator - Pipeline 69cfbaeb-bbd0-4481-b113-de6fea95f87f - Stage 2 input queue size: 0/5
19:03:13.784 [pool-4-thread-1] DEBUG c.p.o.PipelineOrchestrator - Pipeline 257ca8ca-4814-4520-8439-f1d28505feb1 - Stage 2 input queue size: 0/5
19:03:13.825 [pool-5-thread-1] DEBUG c.p.o.PipelineOrchestrator - Pipeline af35aad6-190d-4787-8a35-bac486b91356 - Stage 2 input queue size: 0/5
19:03:13.905 [pool-6-thread-1] DEBUG c.p.o.PipelineOrchestrator - Pipeline 8cb10179-ee1f-41fd-a1e5-eea43fc11cdd - Stage 2 input queue size: 0/5
19:03:14.762 [pool-3-thread-1] DEBUG c.p.o.PipelineOrchestrator - Pipeline 69cfbaeb-bbd0-4481-b113-de6fea95f87f - Stage 2 input queue size: 0/5
19:03:14.785 [pool-4-thread-1] DEBUG c.p.o.PipelineOrchestrator - Pipeline 257ca8ca-4814-4520-8439-f1d28505feb1 - Stage 2 input queue size: 0/5
19:03:14.825 [pool-5-thread-1] DEBUG c.p.o.PipelineOrchestrator - Pipeline af35aad6-190d-4787-8a35-bac486b91356 - Stage 2 input queue size: 0/5
19:03:14.905 [pool-6-thread-1] DEBUG c.p.o.PipelineOrchestrator - Pipeline 8cb10179-ee1f-41fd-a1e5-eea43fc11cdd - Stage 2 input queue size: 0/5
19:03:15.762 [pool-3-thread-1] DEBUG c.p.o.PipelineOrchestrator - Pipeline 69cfbaeb-bbd0-4481-b113-de6fea95f87f - Stage 2 input queue size: 0/5
19:03:15.784 [pool-4-thread-1] DEBUG c.p.o.PipelineOrchestrator - Pipeline 257ca8ca-4814-4520-8439-f1d28505feb1 - Stage 2 input queue size: 0/5
19:03:15.825 [pool-5-thread-1] DEBUG c.p.o.PipelineOrchestrator - Pipeline af35aad6-190d-4787-8a35-bac486b91356 - Stage 2 input queue size: 0/5
19:03:15.904 [pool-6-thread-1] DEBUG c.p.o.PipelineOrchestrator - Pipeline 8cb10179-ee1f-41fd-a1e5-eea43fc11cdd - Stage 2 input queue size: 0/5
19:03:16.761 [pool-3-thread-1] DEBUG c.p.o.PipelineOrchestrator - Pipeline 69cfbaeb-bbd0-4481-b113-de6fea95f87f - Stage 2 input queue size: 0/5
19:03:16.785 [pool-4-thread-1] DEBUG c.p.o.PipelineOrchestrator - Pipeline 257ca8ca-4814-4520-8439-f1d28505feb1 - Stage 2 input queue size: 0/5
19:03:16.825 [pool-5-thread-1] DEBUG c.p.o.PipelineOrchestrator - Pipeline af35aad6-190d-4787-8a35-bac486b91356 - Stage 2 input queue size: 0/5
19:03:16.905 [pool-6-thread-1] DEBUG c.p.o.PipelineOrchestrator - Pipeline 8cb10179-ee1f-41fd-a1e5-eea43fc11cdd - Stage 2 input queue size: 0/5
19:03:17.762 [pool-3-thread-1] DEBUG c.p.o.PipelineOrchestrator - Pipeline 69cfbaeb-bbd0-4481-b113-de6fea95f87f - Stage 2 input queue size: 0/5
19:03:17.784 [pool-4-thread-1] DEBUG c.p.o.PipelineOrchestrator - Pipeline 257ca8ca-4814-4520-8439-f1d28505feb1 - Stage 2 input queue size: 0/5
19:03:17.825 [pool-5-thread-1] DEBUG c.p.o.PipelineOrchestrator - Pipeline af35aad6-190d-4787-8a35-bac486b91356 - Stage 2 input queue size: 0/5
19:03:17.905 [pool-6-thread-1] DEBUG c.p.o.PipelineOrchestrator - Pipeline 8cb10179-ee1f-41fd-a1e5-eea43fc11cdd - Stage 2 input queue size: 0/5
19:03:18.761 [pool-3-thread-1] DEBUG c.p.o.PipelineOrchestrator - Pipeline 69cfbaeb-bbd0-4481-b113-de6fea95f87f - Stage 2 input queue size: 0/5
19:03:18.785 [pool-4-thread-1] DEBUG c.p.o.PipelineOrchestrator - Pipeline 257ca8ca-4814-4520-8439-f1d28505feb1 - Stage 2 input queue size: 0/5
19:03:18.824 [pool-5-thread-1] DEBUG c.p.o.PipelineOrchestrator - Pipeline af35aad6-190d-4787-8a35-bac486b91356 - Stage 2 input queue size: 0/5
19:03:18.906 [pool-6-thread-1] DEBUG c.p.o.PipelineOrchestrator - Pipeline 8cb10179-ee1f-41fd-a1e5-eea43fc11cdd - Stage 2 input queue size: 0/5
19:03:19.762 [pool-3-thread-1] DEBUG c.p.o.PipelineOrchestrator - Pipeline 69cfbaeb-bbd0-4481-b113-de6fea95f87f - Stage 2 input queue size: 0/5
19:03:19.784 [pool-4-thread-1] DEBUG c.p.o.PipelineOrchestrator - Pipeline 257ca8ca-4814-4520-8439-f1d28505feb1 - Stage 2 input queue size: 0/5
19:03:19.825 [pool-5-thread-1] DEBUG c.p.o.PipelineOrchestrator - Pipeline af35aad6-190d-4787-8a35-bac486b91356 - Stage 2 input queue size: 0/5
19:03:19.905 [pool-6-thread-1] DEBUG c.p.o.PipelineOrchestrator - Pipeline 8cb10179-ee1f-41fd-a1e5-eea43fc11cdd - Stage 2 input queue size: 0/5
19:03:20.762 [pool-3-thread-1] DEBUG c.p.o.PipelineOrchestrator - Pipeline 69cfbaeb-bbd0-4481-b113-de6fea95f87f - Stage 2 input queue size: 0/5
19:03:20.784 [pool-4-thread-1] DEBUG c.p.o.PipelineOrchestrator - Pipeline 257ca8ca-4814-4520-8439-f1d28505feb1 - Stage 2 input queue size: 0/5
19:03:20.826 [pool-5-thread-1] DEBUG c.p.o.PipelineOrchestrator - Pipeline af35aad6-190d-4787-8a35-bac486b91356 - Stage 2 input queue size: 0/5
19:03:20.905 [pool-6-thread-1] DEBUG c.p.o.PipelineOrchestrator - Pipeline 8cb10179-ee1f-41fd-a1e5-eea43fc11cdd - Stage 2 input queue size: 0/5
19:03:21.762 [pool-3-thread-1] DEBUG c.p.o.PipelineOrchestrator - Pipeline 69cfbaeb-bbd0-4481-b113-de6fea95f87f - Stage 2 input queue size: 0/5
19:03:21.785 [pool-4-thread-1] DEBUG c.p.o.PipelineOrchestrator - Pipeline 257ca8ca-4814-4520-8439-f1d28505feb1 - Stage 2 input queue size: 0/5
19:03:21.824 [pool-5-thread-1] DEBUG c.p.o.PipelineOrchestrator - Pipeline af35aad6-190d-4787-8a35-bac486b91356 - Stage 2 input queue size: 0/5
19:03:21.905 [pool-6-thread-1] DEBUG c.p.o.PipelineOrchestrator - Pipeline 8cb10179-ee1f-41fd-a1e5-eea43fc11cdd - Stage 2 input queue size: 0/5
19:03:21.932 [main] WARN  com.pipeline.stage.AnalyzeStage - Analyze Stage executor did not terminate within timeout
19:03:21.932 [main] INFO  com.pipeline.stage.StoreStage - Shutting down Store Stage for job orch-test-1784467961929
19:03:21.932 [main] INFO  c.p.o.PipelineOrchestrator - Pipeline orch-test-1784467961929 shutdown complete
19:03:21.932 [AnalyzeStage-3] ERROR com.pipeline.stage.AnalyzeStage - Analyze worker interrupted
java.lang.InterruptedException: null
	at java.base/java.util.concurrent.locks.AbstractQueuedSynchronizer$ConditionObject.await(AbstractQueuedSynchronizer.java:1767)
	at java.base/java.util.concurrent.LinkedBlockingQueue.take(LinkedBlockingQueue.java:435)
	at com.pipeline.stage.AnalyzeStage.analyzeWorker(AnalyzeStage.java:53)
	at com.pipeline.stage.AnalyzeStage.lambda$start$0(AnalyzeStage.java:45)
	at java.base/java.util.concurrent.Executors$RunnableAdapter.call(Executors.java:545)
	at java.base/java.util.concurrent.FutureTask.run(FutureTask.java:330)
	at java.base/java.util.concurrent.ThreadPoolExecutor.runWorker(ThreadPoolExecutor.java:1090)
	at java.base/java.util.concurrent.ThreadPoolExecutor$Worker.run(ThreadPoolExecutor.java:614)
	at java.base/java.lang.Thread.run(Thread.java:1516)
19:03:21.932 [AnalyzeStage-3] ERROR com.pipeline.stage.AnalyzeStage - Analyze worker interrupted
java.lang.InterruptedException: null
	at java.base/java.util.concurrent.locks.AbstractQueuedSynchronizer$ConditionObject.await(AbstractQueuedSynchronizer.java:1767)
	at java.base/java.util.concurrent.LinkedBlockingQueue.take(LinkedBlockingQueue.java:435)
	at com.pipeline.stage.AnalyzeStage.analyzeWorker(AnalyzeStage.java:53)
	at com.pipeline.stage.AnalyzeStage.lambda$start$0(AnalyzeStage.java:45)
	at java.base/java.util.concurrent.Executors$RunnableAdapter.call(Executors.java:545)
	at java.base/java.util.concurrent.FutureTask.run(FutureTask.java:330)
	at java.base/java.util.concurrent.ThreadPoolExecutor.runWorker(ThreadPoolExecutor.java:1090)
	at java.base/java.util.concurrent.ThreadPoolExecutor$Worker.run(ThreadPoolExecutor.java:614)
	at java.base/java.lang.Thread.run(Thread.java:1516)
19:03:21.932 [AnalyzeStage-3] ERROR com.pipeline.stage.AnalyzeStage - Analyze worker interrupted
java.lang.InterruptedException: null
	at java.base/java.util.concurrent.locks.AbstractQueuedSynchronizer$ConditionObject.await(AbstractQueuedSynchronizer.java:1767)
	at java.base/java.util.concurrent.LinkedBlockingQueue.take(LinkedBlockingQueue.java:435)
	at com.pipeline.stage.AnalyzeStage.analyzeWorker(AnalyzeStage.java:53)
	at com.pipeline.stage.AnalyzeStage.lambda$start$0(AnalyzeStage.java:45)
	at java.base/java.util.concurrent.Executors$RunnableAdapter.call(Executors.java:545)
	at java.base/java.util.concurrent.FutureTask.run(FutureTask.java:330)
	at java.base/java.util.concurrent.ThreadPoolExecutor.runWorker(ThreadPoolExecutor.java:1090)
	at java.base/java.util.concurrent.ThreadPoolExecutor$Worker.run(ThreadPoolExecutor.java:614)
	at java.base/java.lang.Thread.run(Thread.java:1516)
]]></system-out>
  </testcase>
  <testcase name="testThreeStagesAreWired" classname="com.pipeline.orchestration.PipelineOrchestratorTest" time="45.016">
    <system-out><![CDATA[19:03:21.945 [main] ERROR c.pipeline.repository.JobRepository - Failed to initialize schema
org.postgresql.util.PSQLException: Connection to localhost:5432 refused. Check that the hostname and port are correct and that the postmaster is accepting TCP/IP connections.
	at org.postgresql.core.v3.ConnectionFactoryImpl.openConnectionImpl(ConnectionFactoryImpl.java:342)
	at org.postgresql.core.ConnectionFactory.openConnection(ConnectionFactory.java:54)
	at org.postgresql.jdbc.PgConnection.<init>(PgConnection.java:263)
	at org.postgresql.Driver.makeConnection(Driver.java:443)
	at org.postgresql.Driver.connect(Driver.java:297)
	at java.sql/java.sql.DriverManager.getConnection(DriverManager.java:613)
	at java.sql/java.sql.DriverManager.getConnection(DriverManager.java:199)
	at com.pipeline.repository.TestDataSourceFactory$1.getConnection(TestDataSourceFactory.java:30)
	at com.pipeline.repository.JobRepository.getConnection(JobRepository.java:50)
	at com.pipeline.repository.JobRepository.initializeSchema(JobRepository.java:30)
	at com.pipeline.orchestration.PipelineOrchestratorTest.setUp(PipelineOrchestratorTest.java:25)
	at java.base/jdk.internal.reflect.DirectMethodHandleAccessor.invoke(DirectMethodHandleAccessor.java:104)
	at java.base/java.lang.reflect.Method.invoke(Method.java:565)
	at org.junit.platform.commons.util.ReflectionUtils.invokeMethod(ReflectionUtils.java:728)
	at org.junit.jupiter.engine.execution.MethodInvocation.proceed(MethodInvocation.java:60)
	at org.junit.jupiter.engine.execution.InvocationInterceptorChain$ValidatingInvocation.proceed(InvocationInterceptorChain.java:131)
	at org.junit.jupiter.engine.extension.TimeoutExtension.intercept(TimeoutExtension.java:156)
	at org.junit.jupiter.engine.extension.TimeoutExtension.interceptLifecycleMethod(TimeoutExtension.java:128)
	at org.junit.jupiter.engine.extension.TimeoutExtension.interceptBeforeEachMethod(TimeoutExtension.java:78)
	at org.junit.jupiter.engine.execution.InterceptingExecutableInvoker$ReflectiveInterceptorCall.lambda$ofVoidMethod$0(InterceptingExecutableInvoker.java:103)
	at org.junit.jupiter.engine.execution.InterceptingExecutableInvoker.lambda$invoke$0(InterceptingExecutableInvoker.java:93)
	at org.junit.jupiter.engine.execution.InvocationInterceptorChain$InterceptedInvocation.proceed(InvocationInterceptorChain.java:106)
	at org.junit.jupiter.engine.execution.InvocationInterceptorChain.proceed(InvocationInterceptorChain.java:64)
	at org.junit.jupiter.engine.execution.InvocationInterceptorChain.chainAndInvoke(InvocationInterceptorChain.java:45)
	at org.junit.jupiter.engine.execution.InvocationInterceptorChain.invoke(InvocationInterceptorChain.java:37)
	at org.junit.jupiter.engine.execution.InterceptingExecutableInvoker.invoke(InterceptingExecutableInvoker.java:92)
	at org.junit.jupiter.engine.execution.InterceptingExecutableInvoker.invoke(InterceptingExecutableInvoker.java:86)
	at org.junit.jupiter.engine.descriptor.ClassBasedTestDescriptor.invokeMethodInExtensionContext(ClassBasedTestDescriptor.java:521)
	at org.junit.jupiter.engine.descriptor.ClassBasedTestDescriptor.lambda$synthesizeBeforeEachMethodAdapter$23(ClassBasedTestDescriptor.java:506)
	at org.junit.jupiter.engine.descriptor.TestMethodTestDescriptor.lambda$invokeBeforeEachMethods$3(TestMethodTestDescriptor.java:175)
	at org.junit.jupiter.engine.descriptor.TestMethodTestDescriptor.lambda$invokeBeforeMethodsOrCallbacksUntilExceptionOccurs$6(TestMethodTestDescriptor.java:203)
	at org.junit.platform.engine.support.hierarchical.ThrowableCollector.execute(ThrowableCollector.java:73)
	at org.junit.jupiter.engine.descriptor.TestMethodTestDescriptor.invokeBeforeMethodsOrCallbacksUntilExceptionOccurs(TestMethodTestDescriptor.java:203)
	at org.junit.jupiter.engine.descriptor.TestMethodTestDescriptor.invokeBeforeEachMethods(TestMethodTestDescriptor.java:172)
	at org.junit.jupiter.engine.descriptor.TestMethodTestDescriptor.execute(TestMethodTestDescriptor.java:135)
	at org.junit.jupiter.engine.descriptor.TestMethodTestDescriptor.execute(TestMethodTestDescriptor.java:69)
	at org.junit.platform.engine.support.hierarchical.NodeTestTask.lambda$executeRecursively$6(NodeTestTask.java:151)
	at org.junit.platform.engine.support.hierarchical.ThrowableCollector.execute(ThrowableCollector.java:73)
	at org.junit.platform.engine.support.hierarchical.NodeTestTask.lambda$executeRecursively$8(NodeTestTask.java:141)
	at org.junit.platform.engine.support.hierarchical.Node.around(Node.java:137)
	at org.junit.platform.engine.support.hierarchical.NodeTestTask.lambda$executeRecursively$9(NodeTestTask.java:139)
	at org.junit.platform.engine.support.hierarchical.ThrowableCollector.execute(ThrowableCollector.java:73)
	at org.junit.platform.engine.support.hierarchical.NodeTestTask.executeRecursively(NodeTestTask.java:138)
	at org.junit.platform.engine.support.hierarchical.NodeTestTask.execute(NodeTestTask.java:95)
	at java.base/java.util.ArrayList.forEach(ArrayList.java:1612)
	at org.junit.platform.engine.support.hierarchical.SameThreadHierarchicalTestExecutorService.invokeAll(SameThreadHierarchicalTestExecutorService.java:41)
	at org.junit.platform.engine.support.hierarchical.NodeTestTask.lambda$executeRecursively$6(NodeTestTask.java:155)
	at org.junit.platform.engine.support.hierarchical.ThrowableCollector.execute(ThrowableCollector.java:73)
	at org.junit.platform.engine.support.hierarchical.NodeTestTask.lambda$executeRecursively$8(NodeTestTask.java:141)
	at org.junit.platform.engine.support.hierarchical.Node.around(Node.java:137)
	at org.junit.platform.engine.support.hierarchical.NodeTestTask.lambda$executeRecursively$9(NodeTestTask.java:139)
	at org.junit.platform.engine.support.hierarchical.ThrowableCollector.execute(ThrowableCollector.java:73)
	at org.junit.platform.engine.support.hierarchical.NodeTestTask.executeRecursively(NodeTestTask.java:138)
	at org.junit.platform.engine.support.hierarchical.NodeTestTask.execute(NodeTestTask.java:95)
	at java.base/java.util.ArrayList.forEach(ArrayList.java:1612)
	at org.junit.platform.engine.support.hierarchical.SameThreadHierarchicalTestExecutorService.invokeAll(SameThreadHierarchicalTestExecutorService.java:41)
	at org.junit.platform.engine.support.hierarchical.NodeTestTask.lambda$executeRecursively$6(NodeTestTask.java:155)
	at org.junit.platform.engine.support.hierarchical.ThrowableCollector.execute(ThrowableCollector.java:73)
	at org.junit.platform.engine.support.hierarchical.NodeTestTask.lambda$executeRecursively$8(NodeTestTask.java:141)
	at org.junit.platform.engine.support.hierarchical.Node.around(Node.java:137)
	at org.junit.platform.engine.support.hierarchical.NodeTestTask.lambda$executeRecursively$9(NodeTestTask.java:139)
	at org.junit.platform.engine.support.hierarchical.ThrowableCollector.execute(ThrowableCollector.java:73)
	at org.junit.platform.engine.support.hierarchical.NodeTestTask.executeRecursively(NodeTestTask.java:138)
	at org.junit.platform.engine.support.hierarchical.NodeTestTask.execute(NodeTestTask.java:95)
	at org.junit.platform.engine.support.hierarchical.SameThreadHierarchicalTestExecutorService.submit(SameThreadHierarchicalTestExecutorService.java:35)
	at org.junit.platform.engine.support.hierarchical.HierarchicalTestExecutor.execute(HierarchicalTestExecutor.java:57)
	at org.junit.platform.engine.support.hierarchical.HierarchicalTestEngine.execute(HierarchicalTestEngine.java:54)
	at org.junit.platform.launcher.core.EngineExecutionOrchestrator.execute(EngineExecutionOrchestrator.java:198)
	at org.junit.platform.launcher.core.EngineExecutionOrchestrator.execute(EngineExecutionOrchestrator.java:169)
	at org.junit.platform.launcher.core.EngineExecutionOrchestrator.execute(EngineExecutionOrchestrator.java:93)
	at org.junit.platform.launcher.core.EngineExecutionOrchestrator.lambda$execute$0(EngineExecutionOrchestrator.java:58)
	at org.junit.platform.launcher.core.EngineExecutionOrchestrator.withInterceptedStreams(EngineExecutionOrchestrator.java:141)
	at org.junit.platform.launcher.core.EngineExecutionOrchestrator.execute(EngineExecutionOrchestrator.java:57)
	at org.junit.platform.launcher.core.DefaultLauncher.execute(DefaultLauncher.java:103)
	at org.junit.platform.launcher.core.DefaultLauncher.execute(DefaultLauncher.java:85)
	at org.junit.platform.launcher.core.DelegatingLauncher.execute(DelegatingLauncher.java:47)
	at org.apache.maven.surefire.junitplatform.LazyLauncher.execute(LazyLauncher.java:56)
	at org.apache.maven.surefire.junitplatform.JUnitPlatformProvider.execute(JUnitPlatformProvider.java:184)
	at org.apache.maven.surefire.junitplatform.JUnitPlatformProvider.invokeAllTests(JUnitPlatformProvider.java:148)
	at org.apache.maven.surefire.junitplatform.JUnitPlatformProvider.invoke(JUnitPlatformProvider.java:122)
	at org.apache.maven.surefire.booter.ForkedBooter.runSuitesInProcess(ForkedBooter.java:385)
	at org.apache.maven.surefire.booter.ForkedBooter.execute(ForkedBooter.java:162)
	at org.apache.maven.surefire.booter.ForkedBooter.run(ForkedBooter.java:507)
	at org.apache.maven.surefire.booter.ForkedBooter.main(ForkedBooter.java:495)
Caused by: java.net.ConnectException: Connection refused: getsockopt
	at java.base/sun.nio.ch.Net.pollConnect(Native Method)
	at java.base/sun.nio.ch.Net.pollConnectNow(Net.java:642)
	at java.base/sun.nio.ch.NioSocketImpl.timedFinishConnect(NioSocketImpl.java:548)
	at java.base/sun.nio.ch.NioSocketImpl.connect(NioSocketImpl.java:599)
	at java.base/java.net.SocksSocketImpl.connect(SocksSocketImpl.java:284)
	at java.base/java.net.Socket.connect(Socket.java:668)
	at org.postgresql.core.PGStream.createSocket(PGStream.java:243)
	at org.postgresql.core.PGStream.<init>(PGStream.java:98)
	at org.postgresql.core.v3.ConnectionFactoryImpl.tryConnect(ConnectionFactoryImpl.java:132)
	at org.postgresql.core.v3.ConnectionFactoryImpl.openConnectionImpl(ConnectionFactoryImpl.java:258)
	... 83 common frames omitted
19:03:21.947 [main] INFO  c.p.o.PipelineOrchestrator - Starting pipeline for job orch-test-1784468001945 with 1 URLs
19:03:21.947 [main] INFO  com.pipeline.stage.AnalyzeStage - Starting Analyze Stage with 3 thread pool size
19:03:21.947 [main] INFO  com.pipeline.stage.FetchStage - Starting Fetch Stage with 1 URLs
19:03:22.111 [FetchStage-3] DEBUG com.pipeline.stage.FetchStage - Fetched https://example.com: 559 bytes, 164ms
19:03:22.112 [AnalyzeStage-3] DEBUG com.pipeline.stage.AnalyzeStage - Analyzed https://example.com: 1 links, 14 unique words
19:03:22.124 [StoreStage-worker] ERROR c.pipeline.repository.JobRepository - Failed to save result for job: orch-test-1784468001945
org.postgresql.util.PSQLException: Connection to localhost:5432 refused. Check that the hostname and port are correct and that the postmaster is accepting TCP/IP connections.
	at org.postgresql.core.v3.ConnectionFactoryImpl.openConnectionImpl(ConnectionFactoryImpl.java:342)
	at org.postgresql.core.ConnectionFactory.openConnection(ConnectionFactory.java:54)
	at org.postgresql.jdbc.PgConnection.<init>(PgConnection.java:263)
	at org.postgresql.Driver.makeConnection(Driver.java:443)
	at org.postgresql.Driver.connect(Driver.java:297)
	at java.sql/java.sql.DriverManager.getConnection(DriverManager.java:613)
	at java.sql/java.sql.DriverManager.getConnection(DriverManager.java:199)
	at com.pipeline.repository.TestDataSourceFactory$1.getConnection(TestDataSourceFactory.java:30)
	at com.pipeline.repository.JobRepository.getConnection(JobRepository.java:50)
	at com.pipeline.repository.JobRepository.saveResult(JobRepository.java:118)
	at com.pipeline.stage.StoreStage.lambda$processResult$0(StoreStage.java:62)
	at java.base/java.util.concurrent.Executors$RunnableAdapter.call(Executors.java:545)
	at java.base/java.util.concurrent.FutureTask.run(FutureTask.java:330)
	at java.base/java.util.concurrent.ThreadPoolExecutor.runWorker(ThreadPoolExecutor.java:1090)
	at java.base/java.util.concurrent.ThreadPoolExecutor$Worker.run(ThreadPoolExecutor.java:614)
	at java.base/java.lang.Thread.run(Thread.java:1516)
Caused by: java.net.ConnectException: Connection refused: getsockopt
	at java.base/sun.nio.ch.Net.pollConnect(Native Method)
	at java.base/sun.nio.ch.Net.pollConnectNow(Net.java:642)
	at java.base/sun.nio.ch.NioSocketImpl.timedFinishConnect(NioSocketImpl.java:548)
	at java.base/sun.nio.ch.NioSocketImpl.connect(NioSocketImpl.java:599)
	at java.base/java.net.SocksSocketImpl.connect(SocksSocketImpl.java:284)
	at java.base/java.net.Socket.connect(Socket.java:668)
	at org.postgresql.core.PGStream.createSocket(PGStream.java:243)
	at org.postgresql.core.PGStream.<init>(PGStream.java:98)
	at org.postgresql.core.v3.ConnectionFactoryImpl.tryConnect(ConnectionFactoryImpl.java:132)
	at org.postgresql.core.v3.ConnectionFactoryImpl.openConnectionImpl(ConnectionFactoryImpl.java:258)
	... 15 common frames omitted
19:03:22.135 [StoreStage-worker] ERROR c.pipeline.repository.JobRepository - Failed to update aggregate for job: orch-test-1784468001945
org.postgresql.util.PSQLException: Connection to localhost:5432 refused. Check that the hostname and port are correct and that the postmaster is accepting TCP/IP connections.
	at org.postgresql.core.v3.ConnectionFactoryImpl.openConnectionImpl(ConnectionFactoryImpl.java:342)
	at org.postgresql.core.ConnectionFactory.openConnection(ConnectionFactory.java:54)
	at org.postgresql.jdbc.PgConnection.<init>(PgConnection.java:263)
	at org.postgresql.Driver.makeConnection(Driver.java:443)
	at org.postgresql.Driver.connect(Driver.java:297)
	at java.sql/java.sql.DriverManager.getConnection(DriverManager.java:613)
	at java.sql/java.sql.DriverManager.getConnection(DriverManager.java:199)
	at com.pipeline.repository.TestDataSourceFactory$1.getConnection(TestDataSourceFactory.java:30)
	at com.pipeline.repository.JobRepository.getConnection(JobRepository.java:50)
	at com.pipeline.repository.JobRepository.updateAggregate(JobRepository.java:138)
	at com.pipeline.stage.StoreStage.lambda$processResult$0(StoreStage.java:70)
	at java.base/java.util.concurrent.Executors$RunnableAdapter.call(Executors.java:545)
	at java.base/java.util.concurrent.FutureTask.run(FutureTask.java:330)
	at java.base/java.util.concurrent.ThreadPoolExecutor.runWorker(ThreadPoolExecutor.java:1090)
	at java.base/java.util.concurrent.ThreadPoolExecutor$Worker.run(ThreadPoolExecutor.java:614)
	at java.base/java.lang.Thread.run(Thread.java:1516)
Caused by: java.net.ConnectException: Connection refused: getsockopt
	at java.base/sun.nio.ch.Net.pollConnect(Native Method)
	at java.base/sun.nio.ch.Net.pollConnectNow(Net.java:642)
	at java.base/sun.nio.ch.NioSocketImpl.timedFinishConnect(NioSocketImpl.java:548)
	at java.base/sun.nio.ch.NioSocketImpl.connect(NioSocketImpl.java:599)
	at java.base/java.net.SocksSocketImpl.connect(SocksSocketImpl.java:284)
	at java.base/java.net.Socket.connect(Socket.java:668)
	at org.postgresql.core.PGStream.createSocket(PGStream.java:243)
	at org.postgresql.core.PGStream.<init>(PGStream.java:98)
	at org.postgresql.core.v3.ConnectionFactoryImpl.tryConnect(ConnectionFactoryImpl.java:132)
	at org.postgresql.core.v3.ConnectionFactoryImpl.openConnectionImpl(ConnectionFactoryImpl.java:258)
	... 15 common frames omitted
19:03:22.135 [StoreStage-worker] DEBUG com.pipeline.stage.StoreStage - Stored result for job orch-test-1784468001945: https://example.com
19:03:22.761 [pool-3-thread-1] DEBUG c.p.o.PipelineOrchestrator - Pipeline 69cfbaeb-bbd0-4481-b113-de6fea95f87f - Stage 2 input queue size: 0/5
19:03:22.784 [pool-4-thread-1] DEBUG c.p.o.PipelineOrchestrator - Pipeline 257ca8ca-4814-4520-8439-f1d28505feb1 - Stage 2 input queue size: 0/5
19:03:22.825 [pool-5-thread-1] DEBUG c.p.o.PipelineOrchestrator - Pipeline af35aad6-190d-4787-8a35-bac486b91356 - Stage 2 input queue size: 0/5
19:03:22.905 [pool-6-thread-1] DEBUG c.p.o.PipelineOrchestrator - Pipeline 8cb10179-ee1f-41fd-a1e5-eea43fc11cdd - Stage 2 input queue size: 0/5
19:03:22.947 [pool-8-thread-1] DEBUG c.p.o.PipelineOrchestrator - Pipeline orch-test-1784468001945 - Stage 2 input queue size: 0/5
19:03:23.762 [pool-3-thread-1] DEBUG c.p.o.PipelineOrchestrator - Pipeline 69cfbaeb-bbd0-4481-b113-de6fea95f87f - Stage 2 input queue size: 0/5
19:03:23.784 [pool-4-thread-1] DEBUG c.p.o.PipelineOrchestrator - Pipeline 257ca8ca-4814-4520-8439-f1d28505feb1 - Stage 2 input queue size: 0/5
19:03:23.825 [pool-5-thread-1] DEBUG c.p.o.PipelineOrchestrator - Pipeline af35aad6-190d-4787-8a35-bac486b91356 - Stage 2 input queue size: 0/5
19:03:23.905 [pool-6-thread-1] DEBUG c.p.o.PipelineOrchestrator - Pipeline 8cb10179-ee1f-41fd-a1e5-eea43fc11cdd - Stage 2 input queue size: 0/5
19:03:23.948 [pool-8-thread-1] DEBUG c.p.o.PipelineOrchestrator - Pipeline orch-test-1784468001945 - Stage 2 input queue size: 0/5
19:03:24.762 [pool-3-thread-1] DEBUG c.p.o.PipelineOrchestrator - Pipeline 69cfbaeb-bbd0-4481-b113-de6fea95f87f - Stage 2 input queue size: 0/5
19:03:24.784 [pool-4-thread-1] DEBUG c.p.o.PipelineOrchestrator - Pipeline 257ca8ca-4814-4520-8439-f1d28505feb1 - Stage 2 input queue size: 0/5
19:03:24.825 [pool-5-thread-1] DEBUG c.p.o.PipelineOrchestrator - Pipeline af35aad6-190d-4787-8a35-bac486b91356 - Stage 2 input queue size: 0/5
19:03:24.906 [pool-6-thread-1] DEBUG c.p.o.PipelineOrchestrator - Pipeline 8cb10179-ee1f-41fd-a1e5-eea43fc11cdd - Stage 2 input queue size: 0/5
19:03:24.947 [pool-8-thread-1] DEBUG c.p.o.PipelineOrchestrator - Pipeline orch-test-1784468001945 - Stage 2 input queue size: 0/5
19:03:25.761 [pool-3-thread-1] DEBUG c.p.o.PipelineOrchestrator - Pipeline 69cfbaeb-bbd0-4481-b113-de6fea95f87f - Stage 2 input queue size: 0/5
19:03:25.784 [pool-4-thread-1] DEBUG c.p.o.PipelineOrchestrator - Pipeline 257ca8ca-4814-4520-8439-f1d28505feb1 - Stage 2 input queue size: 0/5
19:03:25.824 [pool-5-thread-1] DEBUG c.p.o.PipelineOrchestrator - Pipeline af35aad6-190d-4787-8a35-bac486b91356 - Stage 2 input queue size: 0/5
19:03:25.905 [pool-6-thread-1] DEBUG c.p.o.PipelineOrchestrator - Pipeline 8cb10179-ee1f-41fd-a1e5-eea43fc11cdd - Stage 2 input queue size: 0/5
19:03:25.949 [pool-8-thread-1] DEBUG c.p.o.PipelineOrchestrator - Pipeline orch-test-1784468001945 - Stage 2 input queue size: 0/5
19:03:26.762 [pool-3-thread-1] DEBUG c.p.o.PipelineOrchestrator - Pipeline 69cfbaeb-bbd0-4481-b113-de6fea95f87f - Stage 2 input queue size: 0/5
19:03:26.785 [pool-4-thread-1] DEBUG c.p.o.PipelineOrchestrator - Pipeline 257ca8ca-4814-4520-8439-f1d28505feb1 - Stage 2 input queue size: 0/5
19:03:26.825 [pool-5-thread-1] DEBUG c.p.o.PipelineOrchestrator - Pipeline af35aad6-190d-4787-8a35-bac486b91356 - Stage 2 input queue size: 0/5
19:03:26.905 [pool-6-thread-1] DEBUG c.p.o.PipelineOrchestrator - Pipeline 8cb10179-ee1f-41fd-a1e5-eea43fc11cdd - Stage 2 input queue size: 0/5
19:03:26.948 [pool-8-thread-1] DEBUG c.p.o.PipelineOrchestrator - Pipeline orch-test-1784468001945 - Stage 2 input queue size: 0/5
19:03:27.762 [pool-3-thread-1] DEBUG c.p.o.PipelineOrchestrator - Pipeline 69cfbaeb-bbd0-4481-b113-de6fea95f87f - Stage 2 input queue size: 0/5
19:03:27.784 [pool-4-thread-1] DEBUG c.p.o.PipelineOrchestrator - Pipeline 257ca8ca-4814-4520-8439-f1d28505feb1 - Stage 2 input queue size: 0/5
19:03:27.825 [pool-5-thread-1] DEBUG c.p.o.PipelineOrchestrator - Pipeline af35aad6-190d-4787-8a35-bac486b91356 - Stage 2 input queue size: 0/5
19:03:27.905 [pool-6-thread-1] DEBUG c.p.o.PipelineOrchestrator - Pipeline 8cb10179-ee1f-41fd-a1e5-eea43fc11cdd - Stage 2 input queue size: 0/5
19:03:27.948 [pool-8-thread-1] DEBUG c.p.o.PipelineOrchestrator - Pipeline orch-test-1784468001945 - Stage 2 input queue size: 0/5
19:03:28.761 [pool-3-thread-1] DEBUG c.p.o.PipelineOrchestrator - Pipeline 69cfbaeb-bbd0-4481-b113-de6fea95f87f - Stage 2 input queue size: 0/5
19:03:28.784 [pool-4-thread-1] DEBUG c.p.o.PipelineOrchestrator - Pipeline 257ca8ca-4814-4520-8439-f1d28505feb1 - Stage 2 input queue size: 0/5
19:03:28.825 [pool-5-thread-1] DEBUG c.p.o.PipelineOrchestrator - Pipeline af35aad6-190d-4787-8a35-bac486b91356 - Stage 2 input queue size: 0/5
19:03:28.906 [pool-6-thread-1] DEBUG c.p.o.PipelineOrchestrator - Pipeline 8cb10179-ee1f-41fd-a1e5-eea43fc11cdd - Stage 2 input queue size: 0/5
19:03:28.948 [pool-8-thread-1] DEBUG c.p.o.PipelineOrchestrator - Pipeline orch-test-1784468001945 - Stage 2 input queue size: 0/5
19:03:29.761 [pool-3-thread-1] DEBUG c.p.o.PipelineOrchestrator - Pipeline 69cfbaeb-bbd0-4481-b113-de6fea95f87f - Stage 2 input queue size: 0/5
19:03:29.784 [pool-4-thread-1] DEBUG c.p.o.PipelineOrchestrator - Pipeline 257ca8ca-4814-4520-8439-f1d28505feb1 - Stage 2 input queue size: 0/5
19:03:29.825 [pool-5-thread-1] DEBUG c.p.o.PipelineOrchestrator - Pipeline af35aad6-190d-4787-8a35-bac486b91356 - Stage 2 input queue size: 0/5
19:03:29.906 [pool-6-thread-1] DEBUG c.p.o.PipelineOrchestrator - Pipeline 8cb10179-ee1f-41fd-a1e5-eea43fc11cdd - Stage 2 input queue size: 0/5
19:03:29.947 [pool-8-thread-1] DEBUG c.p.o.PipelineOrchestrator - Pipeline orch-test-1784468001945 - Stage 2 input queue size: 0/5
19:03:30.762 [pool-3-thread-1] DEBUG c.p.o.PipelineOrchestrator - Pipeline 69cfbaeb-bbd0-4481-b113-de6fea95f87f - Stage 2 input queue size: 0/5
19:03:30.784 [pool-4-thread-1] DEBUG c.p.o.PipelineOrchestrator - Pipeline 257ca8ca-4814-4520-8439-f1d28505feb1 - Stage 2 input queue size: 0/5
19:03:30.825 [pool-5-thread-1] DEBUG c.p.o.PipelineOrchestrator - Pipeline af35aad6-190d-4787-8a35-bac486b91356 - Stage 2 input queue size: 0/5
19:03:30.906 [pool-6-thread-1] DEBUG c.p.o.PipelineOrchestrator - Pipeline 8cb10179-ee1f-41fd-a1e5-eea43fc11cdd - Stage 2 input queue size: 0/5
19:03:30.948 [pool-8-thread-1] DEBUG c.p.o.PipelineOrchestrator - Pipeline orch-test-1784468001945 - Stage 2 input queue size: 0/5
19:03:31.762 [pool-3-thread-1] DEBUG c.p.o.PipelineOrchestrator - Pipeline 69cfbaeb-bbd0-4481-b113-de6fea95f87f - Stage 2 input queue size: 0/5
19:03:31.784 [pool-4-thread-1] DEBUG c.p.o.PipelineOrchestrator - Pipeline 257ca8ca-4814-4520-8439-f1d28505feb1 - Stage 2 input queue size: 0/5
19:03:31.825 [pool-5-thread-1] DEBUG c.p.o.PipelineOrchestrator - Pipeline af35aad6-190d-4787-8a35-bac486b91356 - Stage 2 input queue size: 0/5
19:03:31.905 [pool-6-thread-1] DEBUG c.p.o.PipelineOrchestrator - Pipeline 8cb10179-ee1f-41fd-a1e5-eea43fc11cdd - Stage 2 input queue size: 0/5
19:03:31.947 [pool-8-thread-1] DEBUG c.p.o.PipelineOrchestrator - Pipeline orch-test-1784468001945 - Stage 2 input queue size: 0/5
19:03:32.761 [pool-3-thread-1] DEBUG c.p.o.PipelineOrchestrator - Pipeline 69cfbaeb-bbd0-4481-b113-de6fea95f87f - Stage 2 input queue size: 0/5
19:03:32.784 [pool-4-thread-1] DEBUG c.p.o.PipelineOrchestrator - Pipeline 257ca8ca-4814-4520-8439-f1d28505feb1 - Stage 2 input queue size: 0/5
19:03:32.825 [pool-5-thread-1] DEBUG c.p.o.PipelineOrchestrator - Pipeline af35aad6-190d-4787-8a35-bac486b91356 - Stage 2 input queue size: 0/5
19:03:32.906 [pool-6-thread-1] DEBUG c.p.o.PipelineOrchestrator - Pipeline 8cb10179-ee1f-41fd-a1e5-eea43fc11cdd - Stage 2 input queue size: 0/5
19:03:32.949 [pool-8-thread-1] DEBUG c.p.o.PipelineOrchestrator - Pipeline orch-test-1784468001945 - Stage 2 input queue size: 0/5
19:03:33.762 [pool-3-thread-1] DEBUG c.p.o.PipelineOrchestrator - Pipeline 69cfbaeb-bbd0-4481-b113-de6fea95f87f - Stage 2 input queue size: 0/5
19:03:33.784 [pool-4-thread-1] DEBUG c.p.o.PipelineOrchestrator - Pipeline 257ca8ca-4814-4520-8439-f1d28505feb1 - Stage 2 input queue size: 0/5
19:03:33.825 [pool-5-thread-1] DEBUG c.p.o.PipelineOrchestrator - Pipeline af35aad6-190d-4787-8a35-bac486b91356 - Stage 2 input queue size: 0/5
19:03:33.906 [pool-6-thread-1] DEBUG c.p.o.PipelineOrchestrator - Pipeline 8cb10179-ee1f-41fd-a1e5-eea43fc11cdd - Stage 2 input queue size: 0/5
19:03:33.947 [pool-8-thread-1] DEBUG c.p.o.PipelineOrchestrator - Pipeline orch-test-1784468001945 - Stage 2 input queue size: 0/5
19:03:34.762 [pool-3-thread-1] DEBUG c.p.o.PipelineOrchestrator - Pipeline 69cfbaeb-bbd0-4481-b113-de6fea95f87f - Stage 2 input queue size: 0/5
19:03:34.784 [pool-4-thread-1] DEBUG c.p.o.PipelineOrchestrator - Pipeline 257ca8ca-4814-4520-8439-f1d28505feb1 - Stage 2 input queue size: 0/5
19:03:34.825 [pool-5-thread-1] DEBUG c.p.o.PipelineOrchestrator - Pipeline af35aad6-190d-4787-8a35-bac486b91356 - Stage 2 input queue size: 0/5
19:03:34.906 [pool-6-thread-1] DEBUG c.p.o.PipelineOrchestrator - Pipeline 8cb10179-ee1f-41fd-a1e5-eea43fc11cdd - Stage 2 input queue size: 0/5
19:03:34.948 [pool-8-thread-1] DEBUG c.p.o.PipelineOrchestrator - Pipeline orch-test-1784468001945 - Stage 2 input queue size: 0/5
19:03:35.761 [pool-3-thread-1] DEBUG c.p.o.PipelineOrchestrator - Pipeline 69cfbaeb-bbd0-4481-b113-de6fea95f87f - Stage 2 input queue size: 0/5
19:03:35.784 [pool-4-thread-1] DEBUG c.p.o.PipelineOrchestrator - Pipeline 257ca8ca-4814-4520-8439-f1d28505feb1 - Stage 2 input queue size: 0/5
19:03:35.824 [pool-5-thread-1] DEBUG c.p.o.PipelineOrchestrator - Pipeline af35aad6-190d-4787-8a35-bac486b91356 - Stage 2 input queue size: 0/5
19:03:35.905 [pool-6-thread-1] DEBUG c.p.o.PipelineOrchestrator - Pipeline 8cb10179-ee1f-41fd-a1e5-eea43fc11cdd - Stage 2 input queue size: 0/5
19:03:35.948 [pool-8-thread-1] DEBUG c.p.o.PipelineOrchestrator - Pipeline orch-test-1784468001945 - Stage 2 input queue size: 0/5
19:03:36.762 [pool-3-thread-1] DEBUG c.p.o.PipelineOrchestrator - Pipeline 69cfbaeb-bbd0-4481-b113-de6fea95f87f - Stage 2 input queue size: 0/5
19:03:36.784 [pool-4-thread-1] DEBUG c.p.o.PipelineOrchestrator - Pipeline 257ca8ca-4814-4520-8439-f1d28505feb1 - Stage 2 input queue size: 0/5
19:03:36.825 [pool-5-thread-1] DEBUG c.p.o.PipelineOrchestrator - Pipeline af35aad6-190d-4787-8a35-bac486b91356 - Stage 2 input queue size: 0/5
19:03:36.905 [pool-6-thread-1] DEBUG c.p.o.PipelineOrchestrator - Pipeline 8cb10179-ee1f-41fd-a1e5-eea43fc11cdd - Stage 2 input queue size: 0/5
19:03:36.948 [pool-8-thread-1] DEBUG c.p.o.PipelineOrchestrator - Pipeline orch-test-1784468001945 - Stage 2 input queue size: 0/5
19:03:36.948 [main] INFO  c.p.o.PipelineOrchestrator - Shutting down pipeline for job orch-test-1784468001945
19:03:36.948 [main] INFO  com.pipeline.stage.FetchStage - Shutting down Fetch Stage
19:03:36.948 [main] INFO  com.pipeline.stage.AnalyzeStage - Shutting down Analyze Stage
19:03:37.762 [pool-3-thread-1] DEBUG c.p.o.PipelineOrchestrator - Pipeline 69cfbaeb-bbd0-4481-b113-de6fea95f87f - Stage 2 input queue size: 0/5
19:03:37.784 [pool-4-thread-1] DEBUG c.p.o.PipelineOrchestrator - Pipeline 257ca8ca-4814-4520-8439-f1d28505feb1 - Stage 2 input queue size: 0/5
19:03:37.825 [pool-5-thread-1] DEBUG c.p.o.PipelineOrchestrator - Pipeline af35aad6-190d-4787-8a35-bac486b91356 - Stage 2 input queue size: 0/5
19:03:37.905 [pool-6-thread-1] DEBUG c.p.o.PipelineOrchestrator - Pipeline 8cb10179-ee1f-41fd-a1e5-eea43fc11cdd - Stage 2 input queue size: 0/5
19:03:38.762 [pool-3-thread-1] DEBUG c.p.o.PipelineOrchestrator - Pipeline 69cfbaeb-bbd0-4481-b113-de6fea95f87f - Stage 2 input queue size: 0/5
19:03:38.785 [pool-4-thread-1] DEBUG c.p.o.PipelineOrchestrator - Pipeline 257ca8ca-4814-4520-8439-f1d28505feb1 - Stage 2 input queue size: 0/5
19:03:38.825 [pool-5-thread-1] DEBUG c.p.o.PipelineOrchestrator - Pipeline af35aad6-190d-4787-8a35-bac486b91356 - Stage 2 input queue size: 0/5
19:03:38.905 [pool-6-thread-1] DEBUG c.p.o.PipelineOrchestrator - Pipeline 8cb10179-ee1f-41fd-a1e5-eea43fc11cdd - Stage 2 input queue size: 0/5
19:03:39.762 [pool-3-thread-1] DEBUG c.p.o.PipelineOrchestrator - Pipeline 69cfbaeb-bbd0-4481-b113-de6fea95f87f - Stage 2 input queue size: 0/5
19:03:39.784 [pool-4-thread-1] DEBUG c.p.o.PipelineOrchestrator - Pipeline 257ca8ca-4814-4520-8439-f1d28505feb1 - Stage 2 input queue size: 0/5
19:03:39.824 [pool-5-thread-1] DEBUG c.p.o.PipelineOrchestrator - Pipeline af35aad6-190d-4787-8a35-bac486b91356 - Stage 2 input queue size: 0/5
19:03:39.906 [pool-6-thread-1] DEBUG c.p.o.PipelineOrchestrator - Pipeline 8cb10179-ee1f-41fd-a1e5-eea43fc11cdd - Stage 2 input queue size: 0/5
19:03:40.762 [pool-3-thread-1] DEBUG c.p.o.PipelineOrchestrator - Pipeline 69cfbaeb-bbd0-4481-b113-de6fea95f87f - Stage 2 input queue size: 0/5
19:03:40.786 [pool-4-thread-1] DEBUG c.p.o.PipelineOrchestrator - Pipeline 257ca8ca-4814-4520-8439-f1d28505feb1 - Stage 2 input queue size: 0/5
19:03:40.825 [pool-5-thread-1] DEBUG c.p.o.PipelineOrchestrator - Pipeline af35aad6-190d-4787-8a35-bac486b91356 - Stage 2 input queue size: 0/5
19:03:40.905 [pool-6-thread-1] DEBUG c.p.o.PipelineOrchestrator - Pipeline 8cb10179-ee1f-41fd-a1e5-eea43fc11cdd - Stage 2 input queue size: 0/5
19:03:41.762 [pool-3-thread-1] DEBUG c.p.o.PipelineOrchestrator - Pipeline 69cfbaeb-bbd0-4481-b113-de6fea95f87f - Stage 2 input queue size: 0/5
19:03:41.785 [pool-4-thread-1] DEBUG c.p.o.PipelineOrchestrator - Pipeline 257ca8ca-4814-4520-8439-f1d28505feb1 - Stage 2 input queue size: 0/5
19:03:41.825 [pool-5-thread-1] DEBUG c.p.o.PipelineOrchestrator - Pipeline af35aad6-190d-4787-8a35-bac486b91356 - Stage 2 input queue size: 0/5
19:03:41.905 [pool-6-thread-1] DEBUG c.p.o.PipelineOrchestrator - Pipeline 8cb10179-ee1f-41fd-a1e5-eea43fc11cdd - Stage 2 input queue size: 0/5
19:03:42.762 [pool-3-thread-1] DEBUG c.p.o.PipelineOrchestrator - Pipeline 69cfbaeb-bbd0-4481-b113-de6fea95f87f - Stage 2 input queue size: 0/5
19:03:42.784 [pool-4-thread-1] DEBUG c.p.o.PipelineOrchestrator - Pipeline 257ca8ca-4814-4520-8439-f1d28505feb1 - Stage 2 input queue size: 0/5
19:03:42.825 [pool-5-thread-1] DEBUG c.p.o.PipelineOrchestrator - Pipeline af35aad6-190d-4787-8a35-bac486b91356 - Stage 2 input queue size: 0/5
19:03:42.905 [pool-6-thread-1] DEBUG c.p.o.PipelineOrchestrator - Pipeline 8cb10179-ee1f-41fd-a1e5-eea43fc11cdd - Stage 2 input queue size: 0/5
19:03:43.761 [pool-3-thread-1] DEBUG c.p.o.PipelineOrchestrator - Pipeline 69cfbaeb-bbd0-4481-b113-de6fea95f87f - Stage 2 input queue size: 0/5
19:03:43.784 [pool-4-thread-1] DEBUG c.p.o.PipelineOrchestrator - Pipeline 257ca8ca-4814-4520-8439-f1d28505feb1 - Stage 2 input queue size: 0/5
19:03:43.825 [pool-5-thread-1] DEBUG c.p.o.PipelineOrchestrator - Pipeline af35aad6-190d-4787-8a35-bac486b91356 - Stage 2 input queue size: 0/5
19:03:43.905 [pool-6-thread-1] DEBUG c.p.o.PipelineOrchestrator - Pipeline 8cb10179-ee1f-41fd-a1e5-eea43fc11cdd - Stage 2 input queue size: 0/5
19:03:44.762 [pool-3-thread-1] DEBUG c.p.o.PipelineOrchestrator - Pipeline 69cfbaeb-bbd0-4481-b113-de6fea95f87f - Stage 2 input queue size: 0/5
19:03:44.784 [pool-4-thread-1] DEBUG c.p.o.PipelineOrchestrator - Pipeline 257ca8ca-4814-4520-8439-f1d28505feb1 - Stage 2 input queue size: 0/5
19:03:44.825 [pool-5-thread-1] DEBUG c.p.o.PipelineOrchestrator - Pipeline af35aad6-190d-4787-8a35-bac486b91356 - Stage 2 input queue size: 0/5
19:03:44.905 [pool-6-thread-1] DEBUG c.p.o.PipelineOrchestrator - Pipeline 8cb10179-ee1f-41fd-a1e5-eea43fc11cdd - Stage 2 input queue size: 0/5
19:03:45.762 [pool-3-thread-1] DEBUG c.p.o.PipelineOrchestrator - Pipeline 69cfbaeb-bbd0-4481-b113-de6fea95f87f - Stage 2 input queue size: 0/5
19:03:45.785 [pool-4-thread-1] DEBUG c.p.o.PipelineOrchestrator - Pipeline 257ca8ca-4814-4520-8439-f1d28505feb1 - Stage 2 input queue size: 0/5
19:03:45.825 [pool-5-thread-1] DEBUG c.p.o.PipelineOrchestrator - Pipeline af35aad6-190d-4787-8a35-bac486b91356 - Stage 2 input queue size: 0/5
19:03:45.905 [pool-6-thread-1] DEBUG c.p.o.PipelineOrchestrator - Pipeline 8cb10179-ee1f-41fd-a1e5-eea43fc11cdd - Stage 2 input queue size: 0/5
19:03:46.762 [pool-3-thread-1] DEBUG c.p.o.PipelineOrchestrator - Pipeline 69cfbaeb-bbd0-4481-b113-de6fea95f87f - Stage 2 input queue size: 0/5
19:03:46.784 [pool-4-thread-1] DEBUG c.p.o.PipelineOrchestrator - Pipeline 257ca8ca-4814-4520-8439-f1d28505feb1 - Stage 2 input queue size: 0/5
19:03:46.825 [pool-5-thread-1] DEBUG c.p.o.PipelineOrchestrator - Pipeline af35aad6-190d-4787-8a35-bac486b91356 - Stage 2 input queue size: 0/5
19:03:46.905 [pool-6-thread-1] DEBUG c.p.o.PipelineOrchestrator - Pipeline 8cb10179-ee1f-41fd-a1e5-eea43fc11cdd - Stage 2 input queue size: 0/5
19:03:47.762 [pool-3-thread-1] DEBUG c.p.o.PipelineOrchestrator - Pipeline 69cfbaeb-bbd0-4481-b113-de6fea95f87f - Stage 2 input queue size: 0/5
19:03:47.785 [pool-4-thread-1] DEBUG c.p.o.PipelineOrchestrator - Pipeline 257ca8ca-4814-4520-8439-f1d28505feb1 - Stage 2 input queue size: 0/5
19:03:47.825 [pool-5-thread-1] DEBUG c.p.o.PipelineOrchestrator - Pipeline af35aad6-190d-4787-8a35-bac486b91356 - Stage 2 input queue size: 0/5
19:03:47.906 [pool-6-thread-1] DEBUG c.p.o.PipelineOrchestrator - Pipeline 8cb10179-ee1f-41fd-a1e5-eea43fc11cdd - Stage 2 input queue size: 0/5
19:03:48.762 [pool-3-thread-1] DEBUG c.p.o.PipelineOrchestrator - Pipeline 69cfbaeb-bbd0-4481-b113-de6fea95f87f - Stage 2 input queue size: 0/5
19:03:48.784 [pool-4-thread-1] DEBUG c.p.o.PipelineOrchestrator - Pipeline 257ca8ca-4814-4520-8439-f1d28505feb1 - Stage 2 input queue size: 0/5
19:03:48.825 [pool-5-thread-1] DEBUG c.p.o.PipelineOrchestrator - Pipeline af35aad6-190d-4787-8a35-bac486b91356 - Stage 2 input queue size: 0/5
19:03:48.906 [pool-6-thread-1] DEBUG c.p.o.PipelineOrchestrator - Pipeline 8cb10179-ee1f-41fd-a1e5-eea43fc11cdd - Stage 2 input queue size: 0/5
19:03:49.763 [pool-3-thread-1] DEBUG c.p.o.PipelineOrchestrator - Pipeline 69cfbaeb-bbd0-4481-b113-de6fea95f87f - Stage 2 input queue size: 0/5
19:03:49.784 [pool-4-thread-1] DEBUG c.p.o.PipelineOrchestrator - Pipeline 257ca8ca-4814-4520-8439-f1d28505feb1 - Stage 2 input queue size: 0/5
19:03:49.824 [pool-5-thread-1] DEBUG c.p.o.PipelineOrchestrator - Pipeline af35aad6-190d-4787-8a35-bac486b91356 - Stage 2 input queue size: 0/5
19:03:49.905 [pool-6-thread-1] DEBUG c.p.o.PipelineOrchestrator - Pipeline 8cb10179-ee1f-41fd-a1e5-eea43fc11cdd - Stage 2 input queue size: 0/5
19:03:50.762 [pool-3-thread-1] DEBUG c.p.o.PipelineOrchestrator - Pipeline 69cfbaeb-bbd0-4481-b113-de6fea95f87f - Stage 2 input queue size: 0/5
19:03:50.784 [pool-4-thread-1] DEBUG c.p.o.PipelineOrchestrator - Pipeline 257ca8ca-4814-4520-8439-f1d28505feb1 - Stage 2 input queue size: 0/5
19:03:50.825 [pool-5-thread-1] DEBUG c.p.o.PipelineOrchestrator - Pipeline af35aad6-190d-4787-8a35-bac486b91356 - Stage 2 input queue size: 0/5
19:03:50.906 [pool-6-thread-1] DEBUG c.p.o.PipelineOrchestrator - Pipeline 8cb10179-ee1f-41fd-a1e5-eea43fc11cdd - Stage 2 input queue size: 0/5
19:03:51.762 [pool-3-thread-1] DEBUG c.p.o.PipelineOrchestrator - Pipeline 69cfbaeb-bbd0-4481-b113-de6fea95f87f - Stage 2 input queue size: 0/5
19:03:51.784 [pool-4-thread-1] DEBUG c.p.o.PipelineOrchestrator - Pipeline 257ca8ca-4814-4520-8439-f1d28505feb1 - Stage 2 input queue size: 0/5
19:03:51.825 [pool-5-thread-1] DEBUG c.p.o.PipelineOrchestrator - Pipeline af35aad6-190d-4787-8a35-bac486b91356 - Stage 2 input queue size: 0/5
19:03:51.905 [pool-6-thread-1] DEBUG c.p.o.PipelineOrchestrator - Pipeline 8cb10179-ee1f-41fd-a1e5-eea43fc11cdd - Stage 2 input queue size: 0/5
19:03:52.762 [pool-3-thread-1] DEBUG c.p.o.PipelineOrchestrator - Pipeline 69cfbaeb-bbd0-4481-b113-de6fea95f87f - Stage 2 input queue size: 0/5
19:03:52.785 [pool-4-thread-1] DEBUG c.p.o.PipelineOrchestrator - Pipeline 257ca8ca-4814-4520-8439-f1d28505feb1 - Stage 2 input queue size: 0/5
19:03:52.825 [pool-5-thread-1] DEBUG c.p.o.PipelineOrchestrator - Pipeline af35aad6-190d-4787-8a35-bac486b91356 - Stage 2 input queue size: 0/5
19:03:52.905 [pool-6-thread-1] DEBUG c.p.o.PipelineOrchestrator - Pipeline 8cb10179-ee1f-41fd-a1e5-eea43fc11cdd - Stage 2 input queue size: 0/5
[...]
19:04:55.761 [pool-3-thread-1] DEBUG c.p.o.PipelineOrchestrator - Pipeline 69cfbaeb-bbd0-4481-b113-de6fea95f87f - Stage 2 input queue size: 0/5
19:04:55.785 [pool-4-thread-1] DEBUG c.p.o.PipelineOrchestrator - Pipeline 257ca8ca-4814-4520-8439-f1d28505feb1 - Stage 2 input queue size: 0/5
19:04:55.824 [pool-5-thread-1] DEBUG c.p.o.PipelineOrchestrator - Pipeline af35aad6-190d-4787-8a35-bac486b91356 - Stage 2 input queue size: 0/5
19:04:55.905 [pool-6-thread-1] DEBUG c.p.o.PipelineOrchestrator - Pipeline 8cb10179-ee1f-41fd-a1e5-eea43fc11cdd - Stage 2 input queue size: 0/5
19:04:56.762 [pool-3-thread-1] DEBUG c.p.o.PipelineOrchestrator - Pipeline 69cfbaeb-bbd0-4481-b113-de6fea95f87f - Stage 2 input queue size: 0/5
19:04:56.784 [pool-4-thread-1] DEBUG c.p.o.PipelineOrchestrator - Pipeline 257ca8ca-4814-4520-8439-f1d28505feb1 - Stage 2 input queue size: 0/5
19:04:56.825 [pool-5-thread-1] DEBUG c.p.o.PipelineOrchestrator - Pipeline af35aad6-190d-4787-8a35-bac486b91356 - Stage 2 input queue size: 0/5
19:04:56.905 [pool-6-thread-1] DEBUG c.p.o.PipelineOrchestrator - Pipeline 8cb10179-ee1f-41fd-a1e5-eea43fc11cdd - Stage 2 input queue size: 0/5
19:04:57.761 [pool-3-thread-1] DEBUG c.p.o.PipelineOrchestrator - Pipeline 69cfbaeb-bbd0-4481-b113-de6fea95f87f - Stage 2 input queue size: 0/5
19:04:57.784 [pool-4-thread-1] DEBUG c.p.o.PipelineOrchestrator - Pipeline 257ca8ca-4814-4520-8439-f1d28505feb1 - Stage 2 input queue size: 0/5
19:04:57.824 [pool-5-thread-1] DEBUG c.p.o.PipelineOrchestrator - Pipeline af35aad6-190d-4787-8a35-bac486b91356 - Stage 2 input queue size: 0/5
19:04:57.905 [pool-6-thread-1] DEBUG c.p.o.PipelineOrchestrator - Pipeline 8cb10179-ee1f-41fd-a1e5-eea43fc11cdd - Stage 2 input queue size: 0/5
19:04:58.761 [pool-3-thread-1] DEBUG c.p.o.PipelineOrchestrator - Pipeline 69cfbaeb-bbd0-4481-b113-de6fea95f87f - Stage 2 input queue size: 0/5
19:04:58.785 [pool-4-thread-1] DEBUG c.p.o.PipelineOrchestrator - Pipeline 257ca8ca-4814-4520-8439-f1d28505feb1 - Stage 2 input queue size: 0/5
19:04:58.824 [pool-5-thread-1] DEBUG c.p.o.PipelineOrchestrator - Pipeline af35aad6-190d-4787-8a35-bac486b91356 - Stage 2 input queue size: 0/5
19:04:58.906 [pool-6-thread-1] DEBUG c.p.o.PipelineOrchestrator - Pipeline 8cb10179-ee1f-41fd-a1e5-eea43fc11cdd - Stage 2 input queue size: 0/5
19:04:59.762 [pool-3-thread-1] DEBUG c.p.o.PipelineOrchestrator - Pipeline 69cfbaeb-bbd0-4481-b113-de6fea95f87f - Stage 2 input queue size: 0/5
19:04:59.784 [pool-4-thread-1] DEBUG c.p.o.PipelineOrchestrator - Pipeline 257ca8ca-4814-4520-8439-f1d28505feb1 - Stage 2 input queue size: 0/5
19:04:59.825 [pool-5-thread-1] DEBUG c.p.o.PipelineOrchestrator - Pipeline af35aad6-190d-4787-8a35-bac486b91356 - Stage 2 input queue size: 0/5
19:04:59.906 [pool-6-thread-1] DEBUG c.p.o.PipelineOrchestrator - Pipeline 8cb10179-ee1f-41fd-a1e5-eea43fc11cdd - Stage 2 input queue size: 0/5
19:05:00.762 [pool-3-thread-1] DEBUG c.p.o.PipelineOrchestrator - Pipeline 69cfbaeb-bbd0-4481-b113-de6fea95f87f - Stage 2 input queue size: 0/5
19:05:00.785 [pool-4-thread-1] DEBUG c.p.o.PipelineOrchestrator - Pipeline 257ca8ca-4814-4520-8439-f1d28505feb1 - Stage 2 input queue size: 0/5
19:05:00.826 [pool-5-thread-1] DEBUG c.p.o.PipelineOrchestrator - Pipeline af35aad6-190d-4787-8a35-bac486b91356 - Stage 2 input queue size: 0/5
19:05:00.906 [pool-6-thread-1] DEBUG c.p.o.PipelineOrchestrator - Pipeline 8cb10179-ee1f-41fd-a1e5-eea43fc11cdd - Stage 2 input queue size: 0/5
19:05:01.762 [pool-3-thread-1] DEBUG c.p.o.PipelineOrchestrator - Pipeline 69cfbaeb-bbd0-4481-b113-de6fea95f87f - Stage 2 input queue size: 0/5
19:05:01.784 [pool-4-thread-1] DEBUG c.p.o.PipelineOrchestrator - Pipeline 257ca8ca-4814-4520-8439-f1d28505feb1 - Stage 2 input queue size: 0/5
19:05:01.824 [pool-5-thread-1] DEBUG c.p.o.PipelineOrchestrator - Pipeline af35aad6-190d-4787-8a35-bac486b91356 - Stage 2 input queue size: 0/5
19:05:01.906 [pool-6-thread-1] DEBUG c.p.o.PipelineOrchestrator - Pipeline 8cb10179-ee1f-41fd-a1e5-eea43fc11cdd - Stage 2 input queue size: 0/5
19:05:02.761 [pool-3-thread-1] DEBUG c.p.o.PipelineOrchestrator - Pipeline 69cfbaeb-bbd0-4481-b113-de6fea95f87f - Stage 2 input queue size: 0/5
19:05:02.785 [pool-4-thread-1] DEBUG c.p.o.PipelineOrchestrator - Pipeline 257ca8ca-4814-4520-8439-f1d28505feb1 - Stage 2 input queue size: 0/5
19:05:02.825 [pool-5-thread-1] DEBUG c.p.o.PipelineOrchestrator - Pipeline af35aad6-190d-4787-8a35-bac486b91356 - Stage 2 input queue size: 0/5
19:05:02.905 [pool-6-thread-1] DEBUG c.p.o.PipelineOrchestrator - Pipeline 8cb10179-ee1f-41fd-a1e5-eea43fc11cdd - Stage 2 input queue size: 0/5
19:05:03.762 [pool-3-thread-1] DEBUG c.p.o.PipelineOrchestrator - Pipeline 69cfbaeb-bbd0-4481-b113-de6fea95f87f - Stage 2 input queue size: 0/5
19:05:03.784 [pool-4-thread-1] DEBUG c.p.o.PipelineOrchestrator - Pipeline 257ca8ca-4814-4520-8439-f1d28505feb1 - Stage 2 input queue size: 0/5
19:05:03.825 [pool-5-thread-1] DEBUG c.p.o.PipelineOrchestrator - Pipeline af35aad6-190d-4787-8a35-bac486b91356 - Stage 2 input queue size: 0/5
19:05:03.906 [pool-6-thread-1] DEBUG c.p.o.PipelineOrchestrator - Pipeline 8cb10179-ee1f-41fd-a1e5-eea43fc11cdd - Stage 2 input queue size: 0/5
19:05:04.761 [pool-3-thread-1] DEBUG c.p.o.PipelineOrchestrator - Pipeline 69cfbaeb-bbd0-4481-b113-de6fea95f87f - Stage 2 input queue size: 0/5
19:05:04.785 [pool-4-thread-1] DEBUG c.p.o.PipelineOrchestrator - Pipeline 257ca8ca-4814-4520-8439-f1d28505feb1 - Stage 2 input queue size: 0/5
19:05:04.825 [pool-5-thread-1] DEBUG c.p.o.PipelineOrchestrator - Pipeline af35aad6-190d-4787-8a35-bac486b91356 - Stage 2 input queue size: 0/5
19:05:04.905 [pool-6-thread-1] DEBUG c.p.o.PipelineOrchestrator - Pipeline 8cb10179-ee1f-41fd-a1e5-eea43fc11cdd - Stage 2 input queue size: 0/5
19:05:05.761 [pool-3-thread-1] DEBUG c.p.o.PipelineOrchestrator - Pipeline 69cfbaeb-bbd0-4481-b113-de6fea95f87f - Stage 2 input queue size: 0/5
19:05:05.785 [pool-4-thread-1] DEBUG c.p.o.PipelineOrchestrator - Pipeline 257ca8ca-4814-4520-8439-f1d28505feb1 - Stage 2 input queue size: 0/5
19:05:05.824 [pool-5-thread-1] DEBUG c.p.o.PipelineOrchestrator - Pipeline af35aad6-190d-4787-8a35-bac486b91356 - Stage 2 input queue size: 0/5
19:05:05.906 [pool-6-thread-1] DEBUG c.p.o.PipelineOrchestrator - Pipeline 8cb10179-ee1f-41fd-a1e5-eea43fc11cdd - Stage 2 input queue size: 0/5
19:05:06.763 [pool-3-thread-1] DEBUG c.p.o.PipelineOrchestrator - Pipeline 69cfbaeb-bbd0-4481-b113-de6fea95f87f - Stage 2 input queue size: 0/5
19:05:06.786 [pool-4-thread-1] DEBUG c.p.o.PipelineOrchestrator - Pipeline 257ca8ca-4814-4520-8439-f1d28505feb1 - Stage 2 input queue size: 0/5
19:05:06.825 [pool-5-thread-1] DEBUG c.p.o.PipelineOrchestrator - Pipeline af35aad6-190d-4787-8a35-bac486b91356 - Stage 2 input queue size: 0/5
19:05:06.906 [pool-6-thread-1] DEBUG c.p.o.PipelineOrchestrator - Pipeline 8cb10179-ee1f-41fd-a1e5-eea43fc11cdd - Stage 2 input queue size: 0/5
19:05:07.762 [pool-3-thread-1] DEBUG c.p.o.PipelineOrchestrator - Pipeline 69cfbaeb-bbd0-4481-b113-de6fea95f87f - Stage 2 input queue size: 0/5
19:05:07.785 [pool-4-thread-1] DEBUG c.p.o.PipelineOrchestrator - Pipeline 257ca8ca-4814-4520-8439-f1d28505feb1 - Stage 2 input queue size: 0/5
19:05:07.825 [pool-5-thread-1] DEBUG c.p.o.PipelineOrchestrator - Pipeline af35aad6-190d-4787-8a35-bac486b91356 - Stage 2 input queue size: 0/5
19:05:07.905 [pool-6-thread-1] DEBUG c.p.o.PipelineOrchestrator - Pipeline 8cb10179-ee1f-41fd-a1e5-eea43fc11cdd - Stage 2 input queue size: 0/5
19:05:08.762 [pool-3-thread-1] DEBUG c.p.o.PipelineOrchestrator - Pipeline 69cfbaeb-bbd0-4481-b113-de6fea95f87f - Stage 2 input queue size: 0/5
19:05:08.785 [pool-4-thread-1] DEBUG c.p.o.PipelineOrchestrator - Pipeline 257ca8ca-4814-4520-8439-f1d28505feb1 - Stage 2 input queue size: 0/5
19:05:08.824 [pool-5-thread-1] DEBUG c.p.o.PipelineOrchestrator - Pipeline af35aad6-190d-4787-8a35-bac486b91356 - Stage 2 input queue size: 0/5
19:05:08.905 [pool-6-thread-1] DEBUG c.p.o.PipelineOrchestrator - Pipeline 8cb10179-ee1f-41fd-a1e5-eea43fc11cdd - Stage 2 input queue size: 0/5
19:05:09.761 [pool-3-thread-1] DEBUG c.p.o.PipelineOrchestrator - Pipeline 69cfbaeb-bbd0-4481-b113-de6fea95f87f - Stage 2 input queue size: 0/5
19:05:09.784 [pool-4-thread-1] DEBUG c.p.o.PipelineOrchestrator - Pipeline 257ca8ca-4814-4520-8439-f1d28505feb1 - Stage 2 input queue size: 0/5
19:05:09.825 [pool-5-thread-1] DEBUG c.p.o.PipelineOrchestrator - Pipeline af35aad6-190d-4787-8a35-bac486b91356 - Stage 2 input queue size: 0/5
19:05:09.905 [pool-6-thread-1] DEBUG c.p.o.PipelineOrchestrator - Pipeline 8cb10179-ee1f-41fd-a1e5-eea43fc11cdd - Stage 2 input queue size: 0/5
19:05:10.762 [pool-3-thread-1] DEBUG c.p.o.PipelineOrchestrator - Pipeline 69cfbaeb-bbd0-4481-b113-de6fea95f87f - Stage 2 input queue size: 0/5
19:05:10.785 [pool-4-thread-1] DEBUG c.p.o.PipelineOrchestrator - Pipeline 257ca8ca-4814-4520-8439-f1d28505feb1 - Stage 2 input queue size: 0/5
19:05:10.824 [pool-5-thread-1] DEBUG c.p.o.PipelineOrchestrator - Pipeline af35aad6-190d-4787-8a35-bac486b91356 - Stage 2 input queue size: 0/5
19:05:10.905 [pool-6-thread-1] DEBUG c.p.o.PipelineOrchestrator - Pipeline 8cb10179-ee1f-41fd-a1e5-eea43fc11cdd - Stage 2 input queue size: 0/5
19:05:11.761 [pool-3-thread-1] DEBUG c.p.o.PipelineOrchestrator - Pipeline 69cfbaeb-bbd0-4481-b113-de6fea95f87f - Stage 2 input queue size: 0/5
19:05:11.784 [pool-4-thread-1] DEBUG c.p.o.PipelineOrchestrator - Pipeline 257ca8ca-4814-4520-8439-f1d28505feb1 - Stage 2 input queue size: 0/5
19:05:11.825 [pool-5-thread-1] DEBUG c.p.o.PipelineOrchestrator - Pipeline af35aad6-190d-4787-8a35-bac486b91356 - Stage 2 input queue size: 0/5
19:05:11.905 [pool-6-thread-1] DEBUG c.p.o.PipelineOrchestrator - Pipeline 8cb10179-ee1f-41fd-a1e5-eea43fc11cdd - Stage 2 input queue size: 0/5
19:05:12.761 [pool-3-thread-1] DEBUG c.p.o.PipelineOrchestrator - Pipeline 69cfbaeb-bbd0-4481-b113-de6fea95f87f - Stage 2 input queue size: 0/5
19:05:12.784 [pool-4-thread-1] DEBUG c.p.o.PipelineOrchestrator - Pipeline 257ca8ca-4814-4520-8439-f1d28505feb1 - Stage 2 input queue size: 0/5
19:05:12.825 [pool-5-thread-1] DEBUG c.p.o.PipelineOrchestrator - Pipeline af35aad6-190d-4787-8a35-bac486b91356 - Stage 2 input queue size: 0/5
19:05:12.905 [pool-6-thread-1] DEBUG c.p.o.PipelineOrchestrator - Pipeline 8cb10179-ee1f-41fd-a1e5-eea43fc11cdd - Stage 2 input queue size: 0/5
19:05:13.762 [pool-3-thread-1] DEBUG c.p.o.PipelineOrchestrator - Pipeline 69cfbaeb-bbd0-4481-b113-de6fea95f87f - Stage 2 input queue size: 0/5
19:05:13.784 [pool-4-thread-1] DEBUG c.p.o.PipelineOrchestrator - Pipeline 257ca8ca-4814-4520-8439-f1d28505feb1 - Stage 2 input queue size: 0/5
19:05:13.825 [pool-5-thread-1] DEBUG c.p.o.PipelineOrchestrator - Pipeline af35aad6-190d-4787-8a35-bac486b91356 - Stage 2 input queue size: 0/5
19:05:13.905 [pool-6-thread-1] DEBUG c.p.o.PipelineOrchestrator - Pipeline 8cb10179-ee1f-41fd-a1e5-eea43fc11cdd - Stage 2 input queue size: 0/5
19:05:14.762 [pool-3-thread-1] DEBUG c.p.o.PipelineOrchestrator - Pipeline 69cfbaeb-bbd0-4481-b113-de6fea95f87f - Stage 2 input queue size: 0/5
19:05:14.784 [pool-4-thread-1] DEBUG c.p.o.PipelineOrchestrator - Pipeline 257ca8ca-4814-4520-8439-f1d28505feb1 - Stage 2 input queue size: 0/5
19:05:14.824 [pool-5-thread-1] DEBUG c.p.o.PipelineOrchestrator - Pipeline af35aad6-190d-4787-8a35-bac486b91356 - Stage 2 input queue size: 0/5
19:05:14.905 [pool-6-thread-1] DEBUG c.p.o.PipelineOrchestrator - Pipeline 8cb10179-ee1f-41fd-a1e5-eea43fc11cdd - Stage 2 input queue size: 0/5
19:05:15.761 [pool-3-thread-1] DEBUG c.p.o.PipelineOrchestrator - Pipeline 69cfbaeb-bbd0-4481-b113-de6fea95f87f - Stage 2 input queue size: 0/5
19:05:15.785 [pool-4-thread-1] DEBUG c.p.o.PipelineOrchestrator - Pipeline 257ca8ca-4814-4520-8439-f1d28505feb1 - Stage 2 input queue size: 0/5
19:05:15.825 [pool-5-thread-1] DEBUG c.p.o.PipelineOrchestrator - Pipeline af35aad6-190d-4787-8a35-bac486b91356 - Stage 2 input queue size: 0/5
19:05:15.905 [pool-6-thread-1] DEBUG c.p.o.PipelineOrchestrator - Pipeline 8cb10179-ee1f-41fd-a1e5-eea43fc11cdd - Stage 2 input queue size: 0/5
19:05:16.762 [pool-3-thread-1] DEBUG c.p.o.PipelineOrchestrator - Pipeline 69cfbaeb-bbd0-4481-b113-de6fea95f87f - Stage 2 input queue size: 0/5
19:05:16.785 [pool-4-thread-1] DEBUG c.p.o.PipelineOrchestrator - Pipeline 257ca8ca-4814-4520-8439-f1d28505feb1 - Stage 2 input queue size: 0/5
19:05:16.825 [pool-5-thread-1] DEBUG c.p.o.PipelineOrchestrator - Pipeline af35aad6-190d-4787-8a35-bac486b91356 - Stage 2 input queue size: 0/5
19:05:16.906 [pool-6-thread-1] DEBUG c.p.o.PipelineOrchestrator - Pipeline 8cb10179-ee1f-41fd-a1e5-eea43fc11cdd - Stage 2 input queue size: 0/5
19:05:17.762 [pool-3-thread-1] DEBUG c.p.o.PipelineOrchestrator - Pipeline 69cfbaeb-bbd0-4481-b113-de6fea95f87f - Stage 2 input queue size: 0/5
19:05:17.784 [pool-4-thread-1] DEBUG c.p.o.PipelineOrchestrator - Pipeline 257ca8ca-4814-4520-8439-f1d28505feb1 - Stage 2 input queue size: 0/5
19:05:17.824 [pool-5-thread-1] DEBUG c.p.o.PipelineOrchestrator - Pipeline af35aad6-190d-4787-8a35-bac486b91356 - Stage 2 input queue size: 0/5
19:05:17.905 [pool-6-thread-1] DEBUG c.p.o.PipelineOrchestrator - Pipeline 8cb10179-ee1f-41fd-a1e5-eea43fc11cdd - Stage 2 input queue size: 0/5
19:05:18.761 [pool-3-thread-1] DEBUG c.p.o.PipelineOrchestrator - Pipeline 69cfbaeb-bbd0-4481-b113-de6fea95f87f - Stage 2 input queue size: 0/5
19:05:18.784 [pool-4-thread-1] DEBUG c.p.o.PipelineOrchestrator - Pipeline 257ca8ca-4814-4520-8439-f1d28505feb1 - Stage 2 input queue size: 0/5
19:05:18.826 [pool-5-thread-1] DEBUG c.p.o.PipelineOrchestrator - Pipeline af35aad6-190d-4787-8a35-bac486b91356 - Stage 2 input queue size: 0/5
19:05:18.906 [pool-6-thread-1] DEBUG c.p.o.PipelineOrchestrator - Pipeline 8cb10179-ee1f-41fd-a1e5-eea43fc11cdd - Stage 2 input queue size: 0/5
19:05:19.762 [pool-3-thread-1] DEBUG c.p.o.PipelineOrchestrator - Pipeline 69cfbaeb-bbd0-4481-b113-de6fea95f87f - Stage 2 input queue size: 0/5
19:05:19.784 [pool-4-thread-1] DEBUG c.p.o.PipelineOrchestrator - Pipeline 257ca8ca-4814-4520-8439-f1d28505feb1 - Stage 2 input queue size: 0/5
19:05:19.825 [pool-5-thread-1] DEBUG c.p.o.PipelineOrchestrator - Pipeline af35aad6-190d-4787-8a35-bac486b91356 - Stage 2 input queue size: 0/5
19:05:19.905 [pool-6-thread-1] DEBUG c.p.o.PipelineOrchestrator - Pipeline 8cb10179-ee1f-41fd-a1e5-eea43fc11cdd - Stage 2 input queue size: 0/5
19:05:20.762 [pool-3-thread-1] DEBUG c.p.o.PipelineOrchestrator - Pipeline 69cfbaeb-bbd0-4481-b113-de6fea95f87f - Stage 2 input queue size: 0/5
19:05:20.784 [pool-4-thread-1] DEBUG c.p.o.PipelineOrchestrator - Pipeline 257ca8ca-4814-4520-8439-f1d28505feb1 - Stage 2 input queue size: 0/5
19:05:20.824 [pool-5-thread-1] DEBUG c.p.o.PipelineOrchestrator - Pipeline af35aad6-190d-4787-8a35-bac486b91356 - Stage 2 input queue size: 0/5
19:05:20.905 [pool-6-thread-1] DEBUG c.p.o.PipelineOrchestrator - Pipeline 8cb10179-ee1f-41fd-a1e5-eea43fc11cdd - Stage 2 input queue size: 0/5
19:05:21.762 [pool-3-thread-1] DEBUG c.p.o.PipelineOrchestrator - Pipeline 69cfbaeb-bbd0-4481-b113-de6fea95f87f - Stage 2 input queue size: 0/5
19:05:21.785 [pool-4-thread-1] DEBUG c.p.o.PipelineOrchestrator - Pipeline 257ca8ca-4814-4520-8439-f1d28505feb1 - Stage 2 input queue size: 0/5
19:05:21.825 [pool-5-thread-1] DEBUG c.p.o.PipelineOrchestrator - Pipeline af35aad6-190d-4787-8a35-bac486b91356 - Stage 2 input queue size: 0/5
19:05:21.905 [pool-6-thread-1] DEBUG c.p.o.PipelineOrchestrator - Pipeline 8cb10179-ee1f-41fd-a1e5-eea43fc11cdd - Stage 2 input queue size: 0/5
19:05:22.761 [pool-3-thread-1] DEBUG c.p.o.PipelineOrchestrator - Pipeline 69cfbaeb-bbd0-4481-b113-de6fea95f87f - Stage 2 input queue size: 0/5
19:05:22.784 [pool-4-thread-1] DEBUG c.p.o.PipelineOrchestrator - Pipeline 257ca8ca-4814-4520-8439-f1d28505feb1 - Stage 2 input queue size: 0/5
19:05:22.824 [pool-5-thread-1] DEBUG c.p.o.PipelineOrchestrator - Pipeline af35aad6-190d-4787-8a35-bac486b91356 - Stage 2 input queue size: 0/5
19:05:22.906 [pool-6-thread-1] DEBUG c.p.o.PipelineOrchestrator - Pipeline 8cb10179-ee1f-41fd-a1e5-eea43fc11cdd - Stage 2 input queue size: 0/5
19:05:23.763 [pool-3-thread-1] DEBUG c.p.o.PipelineOrchestrator - Pipeline 69cfbaeb-bbd0-4481-b113-de6fea95f87f - Stage 2 input queue size: 0/5
19:05:23.784 [pool-4-thread-1] DEBUG c.p.o.PipelineOrchestrator - Pipeline 257ca8ca-4814-4520-8439-f1d28505feb1 - Stage 2 input queue size: 0/5
19:05:23.825 [pool-5-thread-1] DEBUG c.p.o.PipelineOrchestrator - Pipeline af35aad6-190d-4787-8a35-bac486b91356 - Stage 2 input queue size: 0/5
19:05:23.905 [pool-6-thread-1] DEBUG c.p.o.PipelineOrchestrator - Pipeline 8cb10179-ee1f-41fd-a1e5-eea43fc11cdd - Stage 2 input queue size: 0/5
19:05:24.122 [main] WARN  com.pipeline.stage.AnalyzeStage - Analyze Stage executor did not terminate within timeout
19:05:24.122 [main] INFO  com.pipeline.stage.StoreStage - Shutting down Store Stage for job orch-broadcast-1784468079117
19:05:24.122 [main] INFO  c.p.o.PipelineOrchestrator - Pipeline orch-broadcast-1784468079117 shutdown complete
19:05:24.122 [AnalyzeStage-3] ERROR com.pipeline.stage.AnalyzeStage - Analyze worker interrupted
java.lang.InterruptedException: null
	at java.base/java.util.concurrent.locks.AbstractQueuedSynchronizer$ConditionObject.await(AbstractQueuedSynchronizer.java:1767)
	at java.base/java.util.concurrent.LinkedBlockingQueue.take(LinkedBlockingQueue.java:435)
	at com.pipeline.stage.AnalyzeStage.analyzeWorker(AnalyzeStage.java:53)
	at com.pipeline.stage.AnalyzeStage.lambda$start$0(AnalyzeStage.java:45)
	at java.base/java.util.concurrent.Executors$RunnableAdapter.call(Executors.java:545)
	at java.base/java.util.concurrent.FutureTask.run(FutureTask.java:330)
	at java.base/java.util.concurrent.ThreadPoolExecutor.runWorker(ThreadPoolExecutor.java:1090)
	at java.base/java.util.concurrent.ThreadPoolExecutor$Worker.run(ThreadPoolExecutor.java:614)
	at java.base/java.lang.Thread.run(Thread.java:1516)
19:05:24.122 [AnalyzeStage-3] ERROR com.pipeline.stage.AnalyzeStage - Analyze worker interrupted
java.lang.InterruptedException: null
	at java.base/java.util.concurrent.locks.AbstractQueuedSynchronizer$ConditionObject.await(AbstractQueuedSynchronizer.java:1767)
	at java.base/java.util.concurrent.LinkedBlockingQueue.take(LinkedBlockingQueue.java:435)
	at com.pipeline.stage.AnalyzeStage.analyzeWorker(AnalyzeStage.java:53)
	at com.pipeline.stage.AnalyzeStage.lambda$start$0(AnalyzeStage.java:45)
	at java.base/java.util.concurrent.Executors$RunnableAdapter.call(Executors.java:545)
	at java.base/java.util.concurrent.FutureTask.run(FutureTask.java:330)
	at java.base/java.util.concurrent.ThreadPoolExecutor.runWorker(ThreadPoolExecutor.java:1090)
	at java.base/java.util.concurrent.ThreadPoolExecutor$Worker.run(ThreadPoolExecutor.java:614)
	at java.base/java.lang.Thread.run(Thread.java:1516)
19:05:24.122 [AnalyzeStage-3] ERROR com.pipeline.stage.AnalyzeStage - Analyze worker interrupted
java.lang.InterruptedException: null
	at java.base/java.util.concurrent.locks.AbstractQueuedSynchronizer$ConditionObject.await(AbstractQueuedSynchronizer.java:1767)
	at java.base/java.util.concurrent.LinkedBlockingQueue.take(LinkedBlockingQueue.java:435)
	at com.pipeline.stage.AnalyzeStage.analyzeWorker(AnalyzeStage.java:53)
	at com.pipeline.stage.AnalyzeStage.lambda$start$0(AnalyzeStage.java:45)
	at java.base/java.util.concurrent.Executors$RunnableAdapter.call(Executors.java:545)
	at java.base/java.util.concurrent.FutureTask.run(FutureTask.java:330)
	at java.base/java.util.concurrent.ThreadPoolExecutor.runWorker(ThreadPoolExecutor.java:1090)
	at java.base/java.util.concurrent.ThreadPoolExecutor$Worker.run(ThreadPoolExecutor.java:614)
	at java.base/java.lang.Thread.run(Thread.java:1516)
]]></system-out>
  </testcase>
</testsuite>